{"C:\\Users\\Surface\\Documents\\Drips\\GasGuard\\apps\\api\\src\\app.controller.ts": {"path":"C:\\Users\\Surface\\Documents\\Drips\\GasGuard\\apps\\api\\src\\app.controller.ts","statementMap":{"0":{"start":{"line":1,"column":0},"end":{"line":1,"column":49}},"1":{"start":{"line":2,"column":0},"end":{"line":2,"column":32}},"2":{"start":{"line":5,"column":7},"end":{"line":30,"column":null}},"3":{"start":{"line":13,"column":8},"end":{"line":17,"column":10}},"4":{"start":{"line":28,"column":8},"end":{"line":28,"column":32}},"5":{"start":{"line":5,"column":13},"end":{"line":5,"column":26}},"6":{"start":{"line":12,"column":4},"end":{"line":18,"column":null}},"7":{"start":{"line":27,"column":4},"end":{"line":29,"column":null}},"8":{"start":{"line":5,"column":13},"end":{"line":30,"column":null}}},"fnMap":{"0":{"name":"(anonymous_2)","decl":{"start":{"line":12,"column":4},"end":{"line":12,"column":11}},"loc":{"start":{"line":12,"column":11},"end":{"line":18,"column":5}}},"1":{"name":"(anonymous_3)","decl":{"start":{"line":27,"column":4},"end":{"line":27,"column":13}},"loc":{"start":{"line":27,"column":13},"end":{"line":29,"column":5}}}},"branchMap":{},"s":{"0":0,"1":0,"2":0,"3":0,"4":0,"5":0,"6":0,"7":0,"8":0},"f":{"0":0,"1":0},"b":{}}
,"C:\\Users\\Surface\\Documents\\Drips\\GasGuard\\apps\\api\\src\\app.module.ts": {"path":"C:\\Users\\Surface\\Documents\\Drips\\GasGuard\\apps\\api\\src\\app.module.ts","statementMap":{"0":{"start":{"line":1,"column":0},"end":{"line":1,"column":40}},"1":{"start":{"line":2,"column":0},"end":{"line":2,"column":41}},"2":{"start":{"line":3,"column":0},"end":{"line":3,"column":46}},"3":{"start":{"line":4,"column":0},"end":{"line":4,"column":68}},"4":{"start":{"line":5,"column":0},"end":{"line":5,"column":49}},"5":{"start":{"line":6,"column":0},"end":{"line":6,"column":65}},"6":{"start":{"line":7,"column":0},"end":{"line":7,"column":90}},"7":{"start":{"line":8,"column":0},"end":{"line":8,"column":83}},"8":{"start":{"line":9,"column":0},"end":{"line":9,"column":81}},"9":{"start":{"line":10,"column":0},"end":{"line":10,"column":66}},"10":{"start":{"line":11,"column":0},"end":{"line":11,"column":85}},"11":{"start":{"line":12,"column":0},"end":{"line":12,"column":74}},"12":{"start":{"line":13,"column":0},"end":{"line":13,"column":62}},"13":{"start":{"line":62,"column":7},"end":{"line":62,"column":null}},"14":{"start":{"line":62,"column":13},"end":{"line":62,"column":22}},"15":{"start":{"line":62,"column":13},"end":{"line":62,"column":null}}},"fnMap":{},"branchMap":{},"s":{"0":0,"1":0,"2":0,"3":0,"4":0,"5":0,"6":0,"7":0,"8":0,"9":0,"10":0,"11":0,"12":0,"13":0,"14":0,"15":0},"f":{},"b":{}}
,"C:\\Users\\Surface\\Documents\\Drips\\GasGuard\\apps\\api\\src\\index.ts": {"path":"C:\\Users\\Surface\\Documents\\Drips\\GasGuard\\apps\\api\\src\\index.ts","statementMap":{"0":{"start":{"line":1,"column":0},"end":{"line":1,"column":42}},"1":{"start":{"line":3,"column":13},"end":{"line":3,"column":45}},"2":{"start":{"line":4,"column":12},"end":{"line":4,"column":35}},"3":{"start":{"line":6,"column":0},"end":{"line":6,"column":null}}},"fnMap":{"0":{"name":"(anonymous_0)","decl":{"start":{"line":6,"column":17},"end":{"line":6,"column":20}},"loc":{"start":{"line":6,"column":22},"end":{"line":6,"column":25}}}},"branchMap":{"0":{"loc":{"start":{"line":3,"column":20},"end":{"line":3,"column":44}},"type":"binary-expr","locations":[{"start":{"line":3,"column":20},"end":{"line":3,"column":36}},{"start":{"line":3,"column":40},"end":{"line":3,"column":44}}]}},"s":{"0":0,"1":0,"2":0,"3":0},"f":{"0":0},"b":{"0":[0,0]}}
,"C:\\Users\\Surface\\Documents\\Drips\\GasGuard\\apps\\api\\src\\main.ts": {"path":"C:\\Users\\Surface\\Documents\\Drips\\GasGuard\\apps\\api\\src\\main.ts","statementMap":{"0":{"start":{"line":1,"column":0},"end":{"line":1,"column":43}},"1":{"start":{"line":2,"column":0},"end":{"line":2,"column":48}},"2":{"start":{"line":3,"column":0},"end":{"line":3,"column":41}},"3":{"start":{"line":6,"column":14},"end":{"line":6,"column":49}},"4":{"start":{"line":10,"column":2},"end":{"line":13,"column":5}},"5":{"start":{"line":15,"column":15},"end":{"line":15,"column":39}},"6":{"start":{"line":16,"column":2},"end":{"line":16,"column":25}},"7":{"start":{"line":17,"column":2},"end":{"line":17,"column":73}},"8":{"start":{"line":18,"column":2},"end":{"line":18,"column":76}},"9":{"start":{"line":21,"column":0},"end":{"line":21,"column":12}}},"fnMap":{"0":{"name":"bootstrap","decl":{"start":{"line":5,"column":15},"end":{"line":5,"column":24}},"loc":{"start":{"line":5,"column":24},"end":{"line":19,"column":1}}}},"branchMap":{"0":{"loc":{"start":{"line":15,"column":15},"end":{"line":15,"column":39}},"type":"binary-expr","locations":[{"start":{"line":15,"column":15},"end":{"line":15,"column":31}},{"start":{"line":15,"column":35},"end":{"line":15,"column":39}}]}},"s":{"0":0,"1":0,"2":0,"3":0,"4":0,"5":0,"6":0,"7":0,"8":0,"9":0},"f":{"0":0},"b":{"0":[0,0]}}
,"C:\\Users\\Surface\\Documents\\Drips\\GasGuard\\apps\\api\\src\\scan.ts": {"path":"C:\\Users\\Surface\\Documents\\Drips\\GasGuard\\apps\\api\\src\\scan.ts","statementMap":{"0":{"start":{"line":3,"column":0},"end":{"line":3,"column":7}},"1":{"start":{"line":4,"column":2},"end":{"line":4,"column":null}},"2":{"start":{"line":5,"column":2},"end":{"line":5,"column":null}},"3":{"start":{"line":6,"column":2},"end":{"line":6,"column":null}},"4":{"start":{"line":7,"column":2},"end":{"line":7,"column":null}},"5":{"start":{"line":8,"column":2},"end":{"line":8,"column":null}},"6":{"start":{"line":9,"column":2},"end":{"line":9,"column":null}},"7":{"start":{"line":10,"column":17},"end":{"line":10,"column":93}},"8":{"start":{"line":11,"column":2},"end":{"line":11,"column":null}},"9":{"start":{"line":12,"column":2},"end":{"line":12,"column":null}},"10":{"start":{"line":16,"column":2},"end":{"line":16,"column":null}},"11":{"start":{"line":16,"column":32},"end":{"line":16,"column":55}}},"fnMap":{"0":{"name":"performScan","decl":{"start":{"line":3,"column":22},"end":{"line":3,"column":33}},"loc":{"start":{"line":3,"column":68},"end":{"line":13,"column":1}}},"1":{"name":"sleep","decl":{"start":{"line":15,"column":9},"end":{"line":15,"column":14}},"loc":{"start":{"line":15,"column":25},"end":{"line":17,"column":1}}},"2":{"name":"(anonymous_2)","decl":{"start":{"line":16,"column":21},"end":{"line":16,"column":28}},"loc":{"start":{"line":16,"column":32},"end":{"line":16,"column":55}}}},"branchMap":{"0":{"loc":{"start":{"line":10,"column":72},"end":{"line":10,"column":83}},"type":"binary-expr","locations":[{"start":{"line":10,"column":72},"end":{"line":10,"column":77}},{"start":{"line":10,"column":81},"end":{"line":10,"column":83}}]}},"s":{"0":0,"1":0,"2":0,"3":0,"4":0,"5":0,"6":0,"7":0,"8":0,"9":0,"10":0,"11":0},"f":{"0":0,"1":0,"2":0},"b":{"0":[0,0]}}
,"C:\\Users\\Surface\\Documents\\Drips\\GasGuard\\apps\\api\\src\\server.ts": {"path":"C:\\Users\\Surface\\Documents\\Drips\\GasGuard\\apps\\api\\src\\server.ts","statementMap":{"0":{"start":{"line":6,"column":0},"end":{"line":6,"column":16}},"1":{"start":{"line":1,"column":0},"end":{"line":1,"column":52}},"2":{"start":{"line":3,"column":0},"end":{"line":3,"column":63}},"3":{"start":{"line":4,"column":0},"end":{"line":4,"column":95}},"4":{"start":{"line":7,"column":14},"end":{"line":7,"column":23}},"5":{"start":{"line":10,"column":2},"end":{"line":10,"column":null}},"6":{"start":{"line":11,"column":2},"end":{"line":11,"column":null}},"7":{"start":{"line":14,"column":2},"end":{"line":25,"column":null}},"8":{"start":{"line":15,"column":4},"end":{"line":15,"column":null}},"9":{"start":{"line":16,"column":4},"end":{"line":16,"column":null}},"10":{"start":{"line":17,"column":4},"end":{"line":17,"column":null}},"11":{"start":{"line":18,"column":4},"end":{"line":18,"column":null}},"12":{"start":{"line":20,"column":4},"end":{"line":23,"column":5}},"13":{"start":{"line":21,"column":6},"end":{"line":21,"column":null}},"14":{"start":{"line":22,"column":6},"end":{"line":22,"column":12}},"15":{"start":{"line":24,"column":4},"end":{"line":24,"column":null}},"16":{"start":{"line":28,"column":2},"end":{"line":35,"column":null}},"17":{"start":{"line":29,"column":4},"end":{"line":34,"column":null}},"18":{"start":{"line":38,"column":2},"end":{"line":52,"column":null}},"19":{"start":{"line":39,"column":4},"end":{"line":51,"column":null}},"20":{"start":{"line":55,"column":2},"end":{"line":60,"column":null}},"21":{"start":{"line":56,"column":20},"end":{"line":56,"column":34}},"22":{"start":{"line":57,"column":20},"end":{"line":57,"column":87}},"23":{"start":{"line":58,"column":16},"end":{"line":58,"column":109}},"24":{"start":{"line":59,"column":4},"end":{"line":59,"column":null}},"25":{"start":{"line":62,"column":2},"end":{"line":72,"column":null}},"26":{"start":{"line":63,"column":15},"end":{"line":63,"column":28}},"27":{"start":{"line":64,"column":16},"end":{"line":64,"column":38}},"28":{"start":{"line":65,"column":4},"end":{"line":68,"column":5}},"29":{"start":{"line":66,"column":6},"end":{"line":66,"column":null}},"30":{"start":{"line":67,"column":6},"end":{"line":67,"column":12}},"31":{"start":{"line":69,"column":18},"end":{"line":69,"column":38}},"32":{"start":{"line":70,"column":21},"end":{"line":70,"column":38}},"33":{"start":{"line":71,"column":4},"end":{"line":71,"column":null}},"34":{"start":{"line":74,"column":2},"end":{"line":88,"column":null}},"35":{"start":{"line":75,"column":15},"end":{"line":75,"column":28}},"36":{"start":{"line":76,"column":16},"end":{"line":76,"column":38}},"37":{"start":{"line":77,"column":4},"end":{"line":80,"column":5}},"38":{"start":{"line":78,"column":6},"end":{"line":78,"column":null}},"39":{"start":{"line":79,"column":6},"end":{"line":79,"column":12}},"40":{"start":{"line":81,"column":18},"end":{"line":81,"column":38}},"41":{"start":{"line":82,"column":4},"end":{"line":85,"column":5}},"42":{"start":{"line":83,"column":6},"end":{"line":83,"column":null}},"43":{"start":{"line":84,"column":6},"end":{"line":84,"column":12}},"44":{"start":{"line":86,"column":19},"end":{"line":86,"column":34}},"45":{"start":{"line":87,"column":4},"end":{"line":87,"column":null}},"46":{"start":{"line":91,"column":2},"end":{"line":91,"column":null}},"47":{"start":{"line":94,"column":2},"end":{"line":94,"column":null}},"48":{"start":{"line":95,"column":2},"end":{"line":95,"column":null}},"49":{"start":{"line":97,"column":2},"end":{"line":97,"column":null}}},"fnMap":{"0":{"name":"createServer","decl":{"start":{"line":6,"column":16},"end":{"line":6,"column":28}},"loc":{"start":{"line":6,"column":41},"end":{"line":98,"column":1}}},"1":{"name":"(anonymous_1)","decl":{"start":{"line":14,"column":10},"end":{"line":14,"column":11}},"loc":{"start":{"line":14,"column":29},"end":{"line":25,"column":3}}},"2":{"name":"(anonymous_2)","decl":{"start":{"line":28,"column":21},"end":{"line":28,"column":22}},"loc":{"start":{"line":28,"column":53},"end":{"line":35,"column":3}}},"3":{"name":"(anonymous_3)","decl":{"start":{"line":38,"column":19},"end":{"line":38,"column":20}},"loc":{"start":{"line":38,"column":51},"end":{"line":52,"column":3}}},"4":{"name":"(anonymous_4)","decl":{"start":{"line":55,"column":20},"end":{"line":55,"column":25}},"loc":{"start":{"line":55,"column":58},"end":{"line":60,"column":3}}},"5":{"name":"(anonymous_5)","decl":{"start":{"line":62,"column":30},"end":{"line":62,"column":35}},"loc":{"start":{"line":62,"column":68},"end":{"line":72,"column":3}}},"6":{"name":"(anonymous_6)","decl":{"start":{"line":74,"column":30},"end":{"line":74,"column":35}},"loc":{"start":{"line":74,"column":68},"end":{"line":88,"column":3}}}},"branchMap":{"0":{"loc":{"start":{"line":20,"column":4},"end":{"line":23,"column":5}},"type":"if","locations":[{"start":{"line":20,"column":4},"end":{"line":23,"column":5}},{"start":{},"end":{}}]},"1":{"loc":{"start":{"line":32,"column":15},"end":{"line":32,"column":57}},"type":"binary-expr","locations":[{"start":{"line":32,"column":15},"end":{"line":32,"column":46}},{"start":{"line":32,"column":50},"end":{"line":32,"column":57}}]},"2":{"loc":{"start":{"line":56,"column":20},"end":{"line":56,"column":34}},"type":"binary-expr","locations":[{"start":{"line":56,"column":20},"end":{"line":56,"column":28}},{"start":{"line":56,"column":32},"end":{"line":56,"column":34}}]},"3":{"loc":{"start":{"line":57,"column":20},"end":{"line":57,"column":87}},"type":"binary-expr","locations":[{"start":{"line":57,"column":20},"end":{"line":57,"column":60}},{"start":{"line":57,"column":64},"end":{"line":57,"column":87}}]},"4":{"loc":{"start":{"line":65,"column":4},"end":{"line":68,"column":5}},"type":"if","locations":[{"start":{"line":65,"column":4},"end":{"line":68,"column":5}},{"start":{},"end":{}}]},"5":{"loc":{"start":{"line":70,"column":21},"end":{"line":70,"column":38}},"type":"binary-expr","locations":[{"start":{"line":70,"column":21},"end":{"line":70,"column":33}},{"start":{"line":70,"column":37},"end":{"line":70,"column":38}}]},"6":{"loc":{"start":{"line":77,"column":4},"end":{"line":80,"column":5}},"type":"if","locations":[{"start":{"line":77,"column":4},"end":{"line":80,"column":5}},{"start":{},"end":{}}]},"7":{"loc":{"start":{"line":82,"column":4},"end":{"line":85,"column":5}},"type":"if","locations":[{"start":{"line":82,"column":4},"end":{"line":85,"column":5}},{"start":{},"end":{}}]}},"s":{"0":0,"1":0,"2":0,"3":0,"4":0,"5":0,"6":0,"7":0,"8":0,"9":0,"10":0,"11":0,"12":0,"13":0,"14":0,"15":0,"16":0,"17":0,"18":0,"19":0,"20":0,"21":0,"22":0,"23":0,"24":0,"25":0,"26":0,"27":0,"28":0,"29":0,"30":0,"31":0,"32":0,"33":0,"34":0,"35":0,"36":0,"37":0,"38":0,"39":0,"40":0,"41":0,"42":0,"43":0,"44":0,"45":0,"46":0,"47":0,"48":0,"49":0},"f":{"0":0,"1":0,"2":0,"3":0,"4":0,"5":0,"6":0},"b":{"0":[0,0],"1":[0,0],"2":[0,0],"3":[0,0],"4":[0,0],"5":[0,0],"6":[0,0],"7":[0,0]}}
,"C:\\Users\\Surface\\Documents\\Drips\\GasGuard\\apps\\api\\src\\auth\\auth.module.ts": {"path":"C:\\Users\\Surface\\Documents\\Drips\\GasGuard\\apps\\api\\src\\auth\\auth.module.ts","statementMap":{"0":{"start":{"line":1,"column":0},"end":{"line":1,"column":40}},"1":{"start":{"line":2,"column":0},"end":{"line":2,"column":40}},"2":{"start":{"line":3,"column":0},"end":{"line":3,"column":50}},"3":{"start":{"line":4,"column":0},"end":{"line":4,"column":61}},"4":{"start":{"line":5,"column":0},"end":{"line":5,"column":56}},"5":{"start":{"line":6,"column":0},"end":{"line":6,"column":55}},"6":{"start":{"line":7,"column":0},"end":{"line":7,"column":50}},"7":{"start":{"line":27,"column":7},"end":{"line":27,"column":null}},"8":{"start":{"line":27,"column":13},"end":{"line":27,"column":23}},"9":{"start":{"line":27,"column":13},"end":{"line":27,"column":null}},"10":{"start":{"line":14,"column":59},"end":{"line":20,"column":8}}},"fnMap":{"0":{"name":"(anonymous_1)","decl":{"start":{"line":14,"column":18},"end":{"line":14,"column":23}},"loc":{"start":{"line":14,"column":59},"end":{"line":20,"column":8}}}},"branchMap":{},"s":{"0":1,"1":1,"2":1,"3":1,"4":1,"5":1,"6":1,"7":1,"8":1,"9":1,"10":14},"f":{"0":14},"b":{}}
,"C:\\Users\\Surface\\Documents\\Drips\\GasGuard\\apps\\api\\src\\auth\\index.ts": {"path":"C:\\Users\\Surface\\Documents\\Drips\\GasGuard\\apps\\api\\src\\auth\\index.ts","statementMap":{"0":{"start":{"line":1,"column":0},"end":{"line":1,"column":9}},"1":{"start":{"line":1,"column":9},"end":{"line":1,"column":43}},"2":{"start":{"line":2,"column":0},"end":{"line":2,"column":29}},"3":{"start":{"line":3,"column":0},"end":{"line":3,"column":25}},"4":{"start":{"line":4,"column":0},"end":{"line":4,"column":29}}},"fnMap":{"0":{"name":"(anonymous_4)","decl":{"start":{"line":1,"column":9},"end":{"line":1,"column":19}},"loc":{"start":{"line":1,"column":9},"end":{"line":1,"column":43}}}},"branchMap":{},"s":{"0":0,"1":0,"2":0,"3":0,"4":0},"f":{"0":0},"b":{}}
,"C:\\Users\\Surface\\Documents\\Drips\\GasGuard\\apps\\api\\src\\auth\\__tests__\\index.ts": {"path":"C:\\Users\\Surface\\Documents\\Drips\\GasGuard\\apps\\api\\src\\auth\\__tests__\\index.ts","statementMap":{"0":{"start":{"line":2,"column":0},"end":{"line":2,"column":36}},"1":{"start":{"line":3,"column":0},"end":{"line":3,"column":38}},"2":{"start":{"line":4,"column":0},"end":{"line":4,"column":35}},"3":{"start":{"line":5,"column":0},"end":{"line":5,"column":34}},"4":{"start":{"line":6,"column":0},"end":{"line":6,"column":35}}},"fnMap":{},"branchMap":{},"s":{"0":0,"1":0,"2":0,"3":0,"4":0},"f":{},"b":{}}
,"C:\\Users\\Surface\\Documents\\Drips\\GasGuard\\apps\\api\\src\\auth\\decorators\\current-user.decorator.ts": {"path":"C:\\Users\\Surface\\Documents\\Drips\\GasGuard\\apps\\api\\src\\auth\\decorators\\current-user.decorator.ts","statementMap":{"0":{"start":{"line":1,"column":0},"end":{"line":1,"column":72}},"1":{"start":{"line":20,"column":13},"end":{"line":31,"column":2}},"2":{"start":{"line":22,"column":20},"end":{"line":22,"column":70}},"3":{"start":{"line":23,"column":17},"end":{"line":23,"column":29}},"4":{"start":{"line":25,"column":4},"end":{"line":27,"column":5}},"5":{"start":{"line":26,"column":6},"end":{"line":26,"column":23}},"6":{"start":{"line":29,"column":4},"end":{"line":29,"column":34}}},"fnMap":{"0":{"name":"(anonymous_0)","decl":{"start":{"line":21,"column":2},"end":{"line":21,"column":3}},"loc":{"start":{"line":21,"column":60},"end":{"line":30,"column":3}}}},"branchMap":{"0":{"loc":{"start":{"line":25,"column":4},"end":{"line":27,"column":5}},"type":"if","locations":[{"start":{"line":25,"column":4},"end":{"line":27,"column":5}},{"start":{},"end":{}}]},"1":{"loc":{"start":{"line":29,"column":11},"end":{"line":29,"column":33}},"type":"cond-expr","locations":[{"start":{"line":29,"column":17},"end":{"line":29,"column":26}},{"start":{"line":29,"column":29},"end":{"line":29,"column":33}}]}},"s":{"0":1,"1":1,"2":0,"3":0,"4":0,"5":0,"6":0},"f":{"0":0},"b":{"0":[0,0],"1":[0,0]}}
,"C:\\Users\\Surface\\Documents\\Drips\\GasGuard\\apps\\api\\src\\auth\\decorators\\index.ts": {"path":"C:\\Users\\Surface\\Documents\\Drips\\GasGuard\\apps\\api\\src\\auth\\decorators\\index.ts","statementMap":{"0":{"start":{"line":1,"column":0},"end":{"line":1,"column":9}},"1":{"start":{"line":1,"column":9},"end":{"line":1,"column":17}},"2":{"start":{"line":1,"column":17},"end":{"line":1,"column":59}},"3":{"start":{"line":2,"column":0},"end":{"line":2,"column":9}},"4":{"start":{"line":2,"column":9},"end":{"line":2,"column":16}},"5":{"start":{"line":2,"column":16},"end":{"line":2,"column":32}},"6":{"start":{"line":2,"column":32},"end":{"line":2,"column":69}},"7":{"start":{"line":3,"column":0},"end":{"line":3,"column":9}},"8":{"start":{"line":3,"column":9},"end":{"line":3,"column":55}}},"fnMap":{"0":{"name":"(anonymous_0)","decl":{"start":{"line":1,"column":9},"end":{"line":1,"column":15}},"loc":{"start":{"line":1,"column":9},"end":{"line":1,"column":17}}},"1":{"name":"(anonymous_1)","decl":{"start":{"line":1,"column":17},"end":{"line":1,"column":30}},"loc":{"start":{"line":1,"column":17},"end":{"line":1,"column":59}}},"2":{"name":"(anonymous_2)","decl":{"start":{"line":2,"column":9},"end":{"line":2,"column":14}},"loc":{"start":{"line":2,"column":9},"end":{"line":2,"column":16}}},"3":{"name":"(anonymous_3)","decl":{"start":{"line":2,"column":16},"end":{"line":2,"column":20}},"loc":{"start":{"line":2,"column":16},"end":{"line":2,"column":32}}},"4":{"name":"(anonymous_4)","decl":{"start":{"line":2,"column":32},"end":{"line":2,"column":41}},"loc":{"start":{"line":2,"column":32},"end":{"line":2,"column":69}}},"5":{"name":"(anonymous_5)","decl":{"start":{"line":3,"column":9},"end":{"line":3,"column":20}},"loc":{"start":{"line":3,"column":9},"end":{"line":3,"column":55}}}},"branchMap":{},"s":{"0":1,"1":2,"2":2,"3":1,"4":2,"5":9,"6":2,"7":1,"8":1},"f":{"0":1,"1":1,"2":1,"3":8,"4":1,"5":0},"b":{}}
,"C:\\Users\\Surface\\Documents\\Drips\\GasGuard\\apps\\api\\src\\auth\\decorators\\public.decorator.ts": {"path":"C:\\Users\\Surface\\Documents\\Drips\\GasGuard\\apps\\api\\src\\auth\\decorators\\public.decorator.ts","statementMap":{"0":{"start":{"line":1,"column":0},"end":{"line":1,"column":45}},"1":{"start":{"line":3,"column":13},"end":{"line":3,"column":40}},"2":{"start":{"line":16,"column":22},"end":{"line":16,"column":60}},"3":{"start":{"line":16,"column":28},"end":{"line":16,"column":60}},"4":{"start":{"line":16,"column":13},"end":{"line":16,"column":22}}},"fnMap":{"0":{"name":"(anonymous_0)","decl":{"start":{"line":16,"column":22},"end":{"line":16,"column":25}},"loc":{"start":{"line":16,"column":28},"end":{"line":16,"column":60}}}},"branchMap":{},"s":{"0":3,"1":3,"2":3,"3":0,"4":3},"f":{"0":0},"b":{}}
,"C:\\Users\\Surface\\Documents\\Drips\\GasGuard\\apps\\api\\src\\auth\\decorators\\roles.decorator.ts": {"path":"C:\\Users\\Surface\\Documents\\Drips\\GasGuard\\apps\\api\\src\\auth\\decorators\\roles.decorator.ts","statementMap":{"0":{"start":{"line":1,"column":0},"end":{"line":1,"column":45}},"1":{"start":{"line":3,"column":13},"end":{"line":3,"column":33}},"2":{"start":{"line":18,"column":21},"end":{"line":18,"column":74}},"3":{"start":{"line":18,"column":45},"end":{"line":18,"column":74}},"4":{"start":{"line":18,"column":13},"end":{"line":18,"column":21}},"5":{"start":{"line":23,"column":13},"end":{"line":28,"column":11}}},"fnMap":{"0":{"name":"(anonymous_0)","decl":{"start":{"line":18,"column":21},"end":{"line":18,"column":22}},"loc":{"start":{"line":18,"column":45},"end":{"line":18,"column":74}}}},"branchMap":{},"s":{"0":3,"1":3,"2":3,"3":0,"4":3,"5":3},"f":{"0":0},"b":{}}
,"C:\\Users\\Surface\\Documents\\Drips\\GasGuard\\apps\\api\\src\\auth\\guards\\index.ts": {"path":"C:\\Users\\Surface\\Documents\\Drips\\GasGuard\\apps\\api\\src\\auth\\guards\\index.ts","statementMap":{"0":{"start":{"line":1,"column":0},"end":{"line":1,"column":9}},"1":{"start":{"line":1,"column":9},"end":{"line":1,"column":48}},"2":{"start":{"line":2,"column":0},"end":{"line":2,"column":9}},"3":{"start":{"line":2,"column":9},"end":{"line":2,"column":43}}},"fnMap":{"0":{"name":"(anonymous_0)","decl":{"start":{"line":1,"column":9},"end":{"line":1,"column":21}},"loc":{"start":{"line":1,"column":9},"end":{"line":1,"column":48}}},"1":{"name":"(anonymous_1)","decl":{"start":{"line":2,"column":9},"end":{"line":2,"column":19}},"loc":{"start":{"line":2,"column":9},"end":{"line":2,"column":43}}}},"branchMap":{},"s":{"0":0,"1":0,"2":0,"3":0},"f":{"0":0,"1":0},"b":{}}
,"C:\\Users\\Surface\\Documents\\Drips\\GasGuard\\apps\\api\\src\\auth\\guards\\jwt-auth.guard.ts": {"path":"C:\\Users\\Surface\\Documents\\Drips\\GasGuard\\apps\\api\\src\\auth\\guards\\jwt-auth.guard.ts","statementMap":{"0":{"start":{"line":1,"column":0},"end":{"line":1,"column":null}},"1":{"start":{"line":6,"column":0},"end":{"line":6,"column":41}},"2":{"start":{"line":7,"column":0},"end":{"line":7,"column":45}},"3":{"start":{"line":8,"column":0},"end":{"line":8,"column":63}},"4":{"start":{"line":11,"column":7},"end":{"line":53,"column":null}},"5":{"start":{"line":13,"column":4},"end":{"line":13,"column":12}},"6":{"start":{"line":12,"column":22},"end":{"line":12,"column":33}},"7":{"start":{"line":18,"column":21},"end":{"line":21,"column":6}},"8":{"start":{"line":23,"column":4},"end":{"line":25,"column":5}},"9":{"start":{"line":24,"column":6},"end":{"line":24,"column":18}},"10":{"start":{"line":28,"column":4},"end":{"line":28,"column":38}},"11":{"start":{"line":33,"column":4},"end":{"line":49,"column":5}},"12":{"start":{"line":34,"column":20},"end":{"line":34,"column":58}},"13":{"start":{"line":36,"column":6},"end":{"line":42,"column":7}},"14":{"start":{"line":37,"column":8},"end":{"line":37,"column":50}},"15":{"start":{"line":38,"column":13},"end":{"line":42,"column":7}},"16":{"start":{"line":39,"column":8},"end":{"line":39,"column":53}},"17":{"start":{"line":40,"column":13},"end":{"line":42,"column":7}},"18":{"start":{"line":41,"column":8},"end":{"line":41,"column":31}},"19":{"start":{"line":44,"column":6},"end":{"line":48,"column":9}},"20":{"start":{"line":51,"column":4},"end":{"line":51,"column":16}},"21":{"start":{"line":11,"column":13},"end":{"line":11,"column":25}},"22":{"start":{"line":11,"column":13},"end":{"line":53,"column":null}}},"fnMap":{"0":{"name":"(anonymous_2)","decl":{"start":{"line":12,"column":2},"end":{"line":12,"column":22}},"loc":{"start":{"line":12,"column":42},"end":{"line":14,"column":3}}},"1":{"name":"(anonymous_3)","decl":{"start":{"line":16,"column":2},"end":{"line":16,"column":13}},"loc":{"start":{"line":16,"column":39},"end":{"line":29,"column":3}}},"2":{"name":"(anonymous_4)","decl":{"start":{"line":31,"column":2},"end":{"line":31,"column":15}},"loc":{"start":{"line":31,"column":46},"end":{"line":52,"column":3}}}},"branchMap":{"0":{"loc":{"start":{"line":23,"column":4},"end":{"line":25,"column":5}},"type":"if","locations":[{"start":{"line":23,"column":4},"end":{"line":25,"column":5}},{"start":{},"end":{}}]},"1":{"loc":{"start":{"line":33,"column":4},"end":{"line":49,"column":5}},"type":"if","locations":[{"start":{"line":33,"column":4},"end":{"line":49,"column":5}},{"start":{},"end":{}}]},"2":{"loc":{"start":{"line":33,"column":8},"end":{"line":33,"column":20}},"type":"binary-expr","locations":[{"start":{"line":33,"column":8},"end":{"line":33,"column":11}},{"start":{"line":33,"column":15},"end":{"line":33,"column":20}}]},"3":{"loc":{"start":{"line":36,"column":6},"end":{"line":42,"column":7}},"type":"if","locations":[{"start":{"line":36,"column":6},"end":{"line":42,"column":7}},{"start":{"line":38,"column":13},"end":{"line":42,"column":7}}]},"4":{"loc":{"start":{"line":38,"column":13},"end":{"line":42,"column":7}},"type":"if","locations":[{"start":{"line":38,"column":13},"end":{"line":42,"column":7}},{"start":{"line":40,"column":13},"end":{"line":42,"column":7}}]},"5":{"loc":{"start":{"line":40,"column":13},"end":{"line":42,"column":7}},"type":"if","locations":[{"start":{"line":40,"column":13},"end":{"line":42,"column":7}},{"start":{},"end":{}}]}},"s":{"0":2,"1":2,"2":2,"3":2,"4":2,"5":23,"6":23,"7":1,"8":1,"9":1,"10":0,"11":8,"12":7,"13":7,"14":1,"15":6,"16":1,"17":5,"18":1,"19":7,"20":1,"21":2,"22":2},"f":{"0":23,"1":1,"2":8},"b":{"0":[1,0],"1":[7,1],"2":[8,7],"3":[1,6],"4":[1,5],"5":[1,4]}}
,"C:\\Users\\Surface\\Documents\\Drips\\GasGuard\\apps\\api\\src\\auth\\guards\\roles.guard.ts": {"path":"C:\\Users\\Surface\\Documents\\Drips\\GasGuard\\apps\\api\\src\\auth\\guards\\roles.guard.ts","statementMap":{"0":{"start":{"line":1,"column":0},"end":{"line":1,"column":null}},"1":{"start":{"line":7,"column":0},"end":{"line":7,"column":41}},"2":{"start":{"line":8,"column":0},"end":{"line":8,"column":58}},"3":{"start":{"line":12,"column":7},"end":{"line":51,"column":null}},"4":{"start":{"line":13,"column":22},"end":{"line":13,"column":33}},"5":{"start":{"line":16,"column":26},"end":{"line":19,"column":6}},"6":{"start":{"line":22,"column":4},"end":{"line":24,"column":5}},"7":{"start":{"line":23,"column":6},"end":{"line":23,"column":18}},"8":{"start":{"line":26,"column":21},"end":{"line":26,"column":75}},"9":{"start":{"line":28,"column":4},"end":{"line":34,"column":5}},"10":{"start":{"line":29,"column":6},"end":{"line":33,"column":9}},"11":{"start":{"line":36,"column":22},"end":{"line":36,"column":38}},"12":{"start":{"line":39,"column":20},"end":{"line":39,"column":74}},"13":{"start":{"line":39,"column":49},"end":{"line":39,"column":73}},"14":{"start":{"line":41,"column":4},"end":{"line":47,"column":5}},"15":{"start":{"line":42,"column":6},"end":{"line":46,"column":9}},"16":{"start":{"line":49,"column":4},"end":{"line":49,"column":16}},"17":{"start":{"line":12,"column":13},"end":{"line":12,"column":23}},"18":{"start":{"line":12,"column":13},"end":{"line":51,"column":null}}},"fnMap":{"0":{"name":"(anonymous_2)","decl":{"start":{"line":13,"column":2},"end":{"line":13,"column":22}},"loc":{"start":{"line":13,"column":42},"end":{"line":13,"column":46}}},"1":{"name":"(anonymous_3)","decl":{"start":{"line":15,"column":2},"end":{"line":15,"column":13}},"loc":{"start":{"line":15,"column":39},"end":{"line":50,"column":3}}},"2":{"name":"(anonymous_4)","decl":{"start":{"line":39,"column":39},"end":{"line":39,"column":40}},"loc":{"start":{"line":39,"column":49},"end":{"line":39,"column":73}}}},"branchMap":{"0":{"loc":{"start":{"line":22,"column":4},"end":{"line":24,"column":5}},"type":"if","locations":[{"start":{"line":22,"column":4},"end":{"line":24,"column":5}},{"start":{},"end":{}}]},"1":{"loc":{"start":{"line":22,"column":8},"end":{"line":22,"column":52}},"type":"binary-expr","locations":[{"start":{"line":22,"column":8},"end":{"line":22,"column":22}},{"start":{"line":22,"column":26},"end":{"line":22,"column":52}}]},"2":{"loc":{"start":{"line":28,"column":4},"end":{"line":34,"column":5}},"type":"if","locations":[{"start":{"line":28,"column":4},"end":{"line":34,"column":5}},{"start":{},"end":{}}]},"3":{"loc":{"start":{"line":36,"column":22},"end":{"line":36,"column":38}},"type":"binary-expr","locations":[{"start":{"line":36,"column":22},"end":{"line":36,"column":32}},{"start":{"line":36,"column":36},"end":{"line":36,"column":38}}]},"4":{"loc":{"start":{"line":41,"column":4},"end":{"line":47,"column":5}},"type":"if","locations":[{"start":{"line":41,"column":4},"end":{"line":47,"column":5}},{"start":{},"end":{}}]}},"s":{"0":2,"1":2,"2":2,"3":2,"4":25,"5":13,"6":13,"7":3,"8":10,"9":10,"10":2,"11":8,"12":8,"13":11,"14":8,"15":6,"16":2,"17":2,"18":2},"f":{"0":25,"1":13,"2":11},"b":{"0":[3,10],"1":[13,12],"2":[2,8],"3":[8,1],"4":[6,2]}}
,"C:\\Users\\Surface\\Documents\\Drips\\GasGuard\\apps\\api\\src\\auth\\strategies\\index.ts": {"path":"C:\\Users\\Surface\\Documents\\Drips\\GasGuard\\apps\\api\\src\\auth\\strategies\\index.ts","statementMap":{"0":{"start":{"line":1,"column":0},"end":{"line":1,"column":9}},"1":{"start":{"line":1,"column":9},"end":{"line":1,"column":66}}},"fnMap":{"0":{"name":"(anonymous_0)","decl":{"start":{"line":1,"column":9},"end":{"line":1,"column":20}},"loc":{"start":{"line":1,"column":9},"end":{"line":1,"column":66}}}},"branchMap":{},"s":{"0":0,"1":0},"f":{"0":0},"b":{}}
,"C:\\Users\\Surface\\Documents\\Drips\\GasGuard\\apps\\api\\src\\auth\\strategies\\jwt.strategy.ts": {"path":"C:\\Users\\Surface\\Documents\\Drips\\GasGuard\\apps\\api\\src\\auth\\strategies\\jwt.strategy.ts","statementMap":{"0":{"start":{"line":1,"column":0},"end":{"line":1,"column":67}},"1":{"start":{"line":2,"column":0},"end":{"line":2,"column":47}},"2":{"start":{"line":3,"column":0},"end":{"line":3,"column":52}},"3":{"start":{"line":4,"column":0},"end":{"line":4,"column":52}},"4":{"start":{"line":24,"column":7},"end":{"line":72,"column":null}},"5":{"start":{"line":26,"column":19},"end":{"line":26,"column":58}},"6":{"start":{"line":27,"column":4},"end":{"line":29,"column":5}},"7":{"start":{"line":28,"column":6},"end":{"line":28,"column":69}},"8":{"start":{"line":31,"column":4},"end":{"line":38,"column":7}},"9":{"start":{"line":25,"column":31},"end":{"line":25,"column":46}},"10":{"start":{"line":43,"column":4},"end":{"line":45,"column":5}},"11":{"start":{"line":44,"column":6},"end":{"line":44,"column":78}},"12":{"start":{"line":47,"column":4},"end":{"line":49,"column":5}},"13":{"start":{"line":48,"column":6},"end":{"line":48,"column":77}},"14":{"start":{"line":51,"column":4},"end":{"line":53,"column":5}},"15":{"start":{"line":52,"column":6},"end":{"line":52,"column":79}},"16":{"start":{"line":55,"column":4},"end":{"line":57,"column":5}},"17":{"start":{"line":56,"column":6},"end":{"line":56,"column":81}},"18":{"start":{"line":60,"column":16},"end":{"line":60,"column":45}},"19":{"start":{"line":61,"column":4},"end":{"line":63,"column":5}},"20":{"start":{"line":62,"column":6},"end":{"line":62,"column":59}},"21":{"start":{"line":66,"column":4},"end":{"line":70,"column":6}},"22":{"start":{"line":24,"column":13},"end":{"line":24,"column":24}},"23":{"start":{"line":24,"column":13},"end":{"line":72,"column":null}}},"fnMap":{"0":{"name":"(anonymous_2)","decl":{"start":{"line":25,"column":2},"end":{"line":25,"column":31}},"loc":{"start":{"line":25,"column":59},"end":{"line":39,"column":3}}},"1":{"name":"(anonymous_3)","decl":{"start":{"line":41,"column":2},"end":{"line":41,"column":7}},"loc":{"start":{"line":41,"column":36},"end":{"line":71,"column":3}}}},"branchMap":{"0":{"loc":{"start":{"line":27,"column":4},"end":{"line":29,"column":5}},"type":"if","locations":[{"start":{"line":27,"column":4},"end":{"line":29,"column":5}},{"start":{},"end":{}}]},"1":{"loc":{"start":{"line":43,"column":4},"end":{"line":45,"column":5}},"type":"if","locations":[{"start":{"line":43,"column":4},"end":{"line":45,"column":5}},{"start":{},"end":{}}]},"2":{"loc":{"start":{"line":47,"column":4},"end":{"line":49,"column":5}},"type":"if","locations":[{"start":{"line":47,"column":4},"end":{"line":49,"column":5}},{"start":{},"end":{}}]},"3":{"loc":{"start":{"line":51,"column":4},"end":{"line":53,"column":5}},"type":"if","locations":[{"start":{"line":51,"column":4},"end":{"line":53,"column":5}},{"start":{},"end":{}}]},"4":{"loc":{"start":{"line":55,"column":4},"end":{"line":57,"column":5}},"type":"if","locations":[{"start":{"line":55,"column":4},"end":{"line":57,"column":5}},{"start":{},"end":{}}]},"5":{"loc":{"start":{"line":61,"column":4},"end":{"line":63,"column":5}},"type":"if","locations":[{"start":{"line":61,"column":4},"end":{"line":63,"column":5}},{"start":{},"end":{}}]},"6":{"loc":{"start":{"line":68,"column":13},"end":{"line":68,"column":32}},"type":"binary-expr","locations":[{"start":{"line":68,"column":13},"end":{"line":68,"column":26}},{"start":{"line":68,"column":30},"end":{"line":68,"column":32}}]},"7":{"loc":{"start":{"line":69,"column":19},"end":{"line":69,"column":44}},"type":"binary-expr","locations":[{"start":{"line":69,"column":19},"end":{"line":69,"column":38}},{"start":{"line":69,"column":42},"end":{"line":69,"column":44}}]}},"s":{"0":2,"1":2,"2":2,"3":2,"4":2,"5":26,"6":26,"7":2,"8":24,"9":24,"10":8,"11":1,"12":7,"13":1,"14":6,"15":1,"16":5,"17":1,"18":4,"19":4,"20":2,"21":2,"22":2,"23":2},"f":{"0":26,"1":8},"b":{"0":[2,24],"1":[1,7],"2":[1,6],"3":[1,5],"4":[1,4],"5":[2,2],"6":[2,1],"7":[2,1]}}
,"C:\\Users\\Surface\\Documents\\Drips\\GasGuard\\apps\\api\\src\\controllers\\analysis.controller.ts": {"path":"C:\\Users\\Surface\\Documents\\Drips\\GasGuard\\apps\\api\\src\\controllers\\analysis.controller.ts","statementMap":{"0":{"start":{"line":13,"column":22},"end":{"line":13,"column":34}},"1":{"start":{"line":16,"column":4},"end":{"line":52,"column":5}},"2":{"start":{"line":17,"column":22},"end":{"line":17,"column":59}},"3":{"start":{"line":20,"column":22},"end":{"line":20,"column":53}},"4":{"start":{"line":23,"column":18},"end":{"line":37,"column":8}},"5":{"start":{"line":39,"column":41},"end":{"line":46,"column":8}},"6":{"start":{"line":48,"column":6},"end":{"line":48,"column":37}},"7":{"start":{"line":50,"column":6},"end":{"line":50,"column":57}},"8":{"start":{"line":51,"column":6},"end":{"line":51,"column":103}},"9":{"start":{"line":56,"column":4},"end":{"line":106,"column":5}},"10":{"start":{"line":57,"column":20},"end":{"line":57,"column":33}},"11":{"start":{"line":59,"column":6},"end":{"line":69,"column":7}},"12":{"start":{"line":60,"column":8},"end":{"line":67,"column":11}},"13":{"start":{"line":68,"column":8},"end":{"line":68,"column":15}},"14":{"start":{"line":71,"column":18},"end":{"line":71,"column":48}},"15":{"start":{"line":73,"column":6},"end":{"line":83,"column":7}},"16":{"start":{"line":74,"column":8},"end":{"line":81,"column":11}},"17":{"start":{"line":82,"column":8},"end":{"line":82,"column":15}},"18":{"start":{"line":85,"column":20},"end":{"line":85,"column":40}},"19":{"start":{"line":86,"column":23},"end":{"line":86,"column":40}},"20":{"start":{"line":88,"column":37},"end":{"line":100,"column":8}},"21":{"start":{"line":102,"column":6},"end":{"line":102,"column":23}},"22":{"start":{"line":104,"column":6},"end":{"line":104,"column":61}},"23":{"start":{"line":105,"column":6},"end":{"line":105,"column":95}},"24":{"start":{"line":110,"column":4},"end":{"line":172,"column":5}},"25":{"start":{"line":111,"column":20},"end":{"line":111,"column":33}},"26":{"start":{"line":113,"column":6},"end":{"line":123,"column":7}},"27":{"start":{"line":114,"column":8},"end":{"line":121,"column":11}},"28":{"start":{"line":122,"column":8},"end":{"line":122,"column":15}},"29":{"start":{"line":125,"column":18},"end":{"line":125,"column":48}},"30":{"start":{"line":127,"column":6},"end":{"line":137,"column":7}},"31":{"start":{"line":128,"column":8},"end":{"line":135,"column":11}},"32":{"start":{"line":136,"column":8},"end":{"line":136,"column":15}},"33":{"start":{"line":139,"column":20},"end":{"line":139,"column":40}},"34":{"start":{"line":141,"column":6},"end":{"line":152,"column":7}},"35":{"start":{"line":142,"column":39},"end":{"line":148,"column":10}},"36":{"start":{"line":150,"column":8},"end":{"line":150,"column":37}},"37":{"start":{"line":151,"column":8},"end":{"line":151,"column":15}},"38":{"start":{"line":154,"column":21},"end":{"line":154,"column":54}},"39":{"start":{"line":156,"column":6},"end":{"line":166,"column":7}},"40":{"start":{"line":157,"column":8},"end":{"line":164,"column":11}},"41":{"start":{"line":165,"column":8},"end":{"line":165,"column":15}},"42":{"start":{"line":168,"column":6},"end":{"line":168,"column":27}},"43":{"start":{"line":170,"column":6},"end":{"line":170,"column":61}},"44":{"start":{"line":171,"column":6},"end":{"line":171,"column":95}},"45":{"start":{"line":176,"column":4},"end":{"line":229,"column":5}},"46":{"start":{"line":177,"column":20},"end":{"line":177,"column":33}},"47":{"start":{"line":179,"column":6},"end":{"line":189,"column":7}},"48":{"start":{"line":180,"column":8},"end":{"line":187,"column":11}},"49":{"start":{"line":188,"column":8},"end":{"line":188,"column":15}},"50":{"start":{"line":191,"column":18},"end":{"line":191,"column":48}},"51":{"start":{"line":193,"column":6},"end":{"line":203,"column":7}},"52":{"start":{"line":194,"column":8},"end":{"line":201,"column":11}},"53":{"start":{"line":202,"column":8},"end":{"line":202,"column":15}},"54":{"start":{"line":205,"column":20},"end":{"line":205,"column":40}},"55":{"start":{"line":207,"column":6},"end":{"line":217,"column":7}},"56":{"start":{"line":208,"column":8},"end":{"line":215,"column":11}},"57":{"start":{"line":216,"column":8},"end":{"line":216,"column":15}},"58":{"start":{"line":219,"column":6},"end":{"line":219,"column":25}},"59":{"start":{"line":221,"column":6},"end":{"line":225,"column":9}},"60":{"start":{"line":227,"column":6},"end":{"line":227,"column":57}},"61":{"start":{"line":228,"column":6},"end":{"line":228,"column":86}},"62":{"start":{"line":233,"column":22},"end":{"line":233,"column":84}},"63":{"start":{"line":233,"column":58},"end":{"line":233,"column":80}},"64":{"start":{"line":234,"column":22},"end":{"line":234,"column":42}},"65":{"start":{"line":236,"column":4},"end":{"line":236,"column":101}},"66":{"start":{"line":240,"column":22},"end":{"line":240,"column":42}},"67":{"start":{"line":241,"column":26},"end":{"line":241,"column":81}},"68":{"start":{"line":241,"column":52},"end":{"line":241,"column":73}},"69":{"start":{"line":242,"column":23},"end":{"line":242,"column":102}},"70":{"start":{"line":242,"column":59},"end":{"line":242,"column":98}},"71":{"start":{"line":245,"column":27},"end":{"line":245,"column":29}},"72":{"start":{"line":248,"column":4},"end":{"line":248,"column":38}},"73":{"start":{"line":251,"column":4},"end":{"line":251,"column":42}},"74":{"start":{"line":254,"column":4},"end":{"line":254,"column":58}},"75":{"start":{"line":257,"column":4},"end":{"line":257,"column":43}},"76":{"start":{"line":261,"column":4},"end":{"line":273,"column":5}},"77":{"start":{"line":264,"column":8},"end":{"line":264,"column":24}},"78":{"start":{"line":266,"column":8},"end":{"line":266,"column":28}},"79":{"start":{"line":268,"column":8},"end":{"line":268,"column":27}},"80":{"start":{"line":270,"column":8},"end":{"line":270,"column":24}},"81":{"start":{"line":272,"column":8},"end":{"line":272,"column":24}},"82":{"start":{"line":277,"column":39},"end":{"line":285,"column":6}},"83":{"start":{"line":287,"column":4},"end":{"line":287,"column":35}},"84":{"start":{"line":12,"column":0},"end":{"line":12,"column":13}}},"fnMap":{"0":{"name":"(anonymous_0)","decl":{"start":{"line":13,"column":2},"end":{"line":13,"column":22}},"loc":{"start":{"line":13,"column":34},"end":{"line":13,"column":38}}},"1":{"name":"(anonymous_1)","decl":{"start":{"line":15,"column":2},"end":{"line":15,"column":7}},"loc":{"start":{"line":15,"column":50},"end":{"line":53,"column":3}}},"2":{"name":"(anonymous_2)","decl":{"start":{"line":55,"column":2},"end":{"line":55,"column":7}},"loc":{"start":{"line":55,"column":53},"end":{"line":107,"column":3}}},"3":{"name":"(anonymous_3)","decl":{"start":{"line":109,"column":2},"end":{"line":109,"column":7}},"loc":{"start":{"line":109,"column":53},"end":{"line":173,"column":3}}},"4":{"name":"(anonymous_4)","decl":{"start":{"line":175,"column":2},"end":{"line":175,"column":7}},"loc":{"start":{"line":175,"column":50},"end":{"line":230,"column":3}}},"5":{"name":"(anonymous_5)","decl":{"start":{"line":232,"column":10},"end":{"line":232,"column":27}},"loc":{"start":{"line":232,"column":62},"end":{"line":237,"column":3}}},"6":{"name":"(anonymous_6)","decl":{"start":{"line":233,"column":43},"end":{"line":233,"column":44}},"loc":{"start":{"line":233,"column":58},"end":{"line":233,"column":80}}},"7":{"name":"(anonymous_7)","decl":{"start":{"line":239,"column":10},"end":{"line":239,"column":34}},"loc":{"start":{"line":239,"column":69},"end":{"line":258,"column":3}}},"8":{"name":"(anonymous_8)","decl":{"start":{"line":241,"column":47},"end":{"line":241,"column":48}},"loc":{"start":{"line":241,"column":52},"end":{"line":241,"column":73}}},"9":{"name":"(anonymous_9)","decl":{"start":{"line":242,"column":44},"end":{"line":242,"column":45}},"loc":{"start":{"line":242,"column":59},"end":{"line":242,"column":98}}},"10":{"name":"(anonymous_10)","decl":{"start":{"line":260,"column":10},"end":{"line":260,"column":21}},"loc":{"start":{"line":260,"column":35},"end":{"line":274,"column":3}}},"11":{"name":"(anonymous_11)","decl":{"start":{"line":276,"column":10},"end":{"line":276,"column":27}},"loc":{"start":{"line":276,"column":85},"end":{"line":288,"column":3}}}},"branchMap":{"0":{"loc":{"start":{"line":27,"column":19},"end":{"line":27,"column":69}},"type":"binary-expr","locations":[{"start":{"line":27,"column":19},"end":{"line":27,"column":56}},{"start":{"line":27,"column":60},"end":{"line":27,"column":69}}]},"1":{"loc":{"start":{"line":31,"column":18},"end":{"line":31,"column":33}},"type":"cond-expr","locations":[{"start":{"line":31,"column":28},"end":{"line":31,"column":29}},{"start":{"line":31,"column":32},"end":{"line":31,"column":33}}]},"2":{"loc":{"start":{"line":36,"column":18},"end":{"line":36,"column":36}},"type":"cond-expr","locations":[{"start":{"line":36,"column":28},"end":{"line":36,"column":30}},{"start":{"line":36,"column":33},"end":{"line":36,"column":36}}]},"3":{"loc":{"start":{"line":59,"column":6},"end":{"line":69,"column":7}},"type":"if","locations":[{"start":{"line":59,"column":6},"end":{"line":69,"column":7}},{"start":{},"end":{}}]},"4":{"loc":{"start":{"line":65,"column":23},"end":{"line":65,"column":73}},"type":"binary-expr","locations":[{"start":{"line":65,"column":23},"end":{"line":65,"column":60}},{"start":{"line":65,"column":64},"end":{"line":65,"column":73}}]},"5":{"loc":{"start":{"line":73,"column":6},"end":{"line":83,"column":7}},"type":"if","locations":[{"start":{"line":73,"column":6},"end":{"line":83,"column":7}},{"start":{},"end":{}}]},"6":{"loc":{"start":{"line":79,"column":23},"end":{"line":79,"column":73}},"type":"binary-expr","locations":[{"start":{"line":79,"column":23},"end":{"line":79,"column":60}},{"start":{"line":79,"column":64},"end":{"line":79,"column":73}}]},"7":{"loc":{"start":{"line":86,"column":23},"end":{"line":86,"column":40}},"type":"binary-expr","locations":[{"start":{"line":86,"column":23},"end":{"line":86,"column":35}},{"start":{"line":86,"column":39},"end":{"line":86,"column":40}}]},"8":{"loc":{"start":{"line":91,"column":18},"end":{"line":91,"column":61}},"type":"cond-expr","locations":[{"start":{"line":91,"column":49},"end":{"line":91,"column":57}},{"start":{"line":91,"column":60},"end":{"line":91,"column":61}}]},"9":{"loc":{"start":{"line":94,"column":21},"end":{"line":94,"column":88}},"type":"cond-expr","locations":[{"start":{"line":94,"column":38},"end":{"line":94,"column":76}},{"start":{"line":94,"column":79},"end":{"line":94,"column":88}}]},"10":{"loc":{"start":{"line":95,"column":15},"end":{"line":99,"column":21}},"type":"cond-expr","locations":[{"start":{"line":95,"column":34},"end":{"line":99,"column":10}},{"start":{"line":99,"column":12},"end":{"line":99,"column":21}}]},"11":{"loc":{"start":{"line":113,"column":6},"end":{"line":123,"column":7}},"type":"if","locations":[{"start":{"line":113,"column":6},"end":{"line":123,"column":7}},{"start":{},"end":{}}]},"12":{"loc":{"start":{"line":119,"column":23},"end":{"line":119,"column":73}},"type":"binary-expr","locations":[{"start":{"line":119,"column":23},"end":{"line":119,"column":60}},{"start":{"line":119,"column":64},"end":{"line":119,"column":73}}]},"13":{"loc":{"start":{"line":127,"column":6},"end":{"line":137,"column":7}},"type":"if","locations":[{"start":{"line":127,"column":6},"end":{"line":137,"column":7}},{"start":{},"end":{}}]},"14":{"loc":{"start":{"line":133,"column":23},"end":{"line":133,"column":73}},"type":"binary-expr","locations":[{"start":{"line":133,"column":23},"end":{"line":133,"column":60}},{"start":{"line":133,"column":64},"end":{"line":133,"column":73}}]},"15":{"loc":{"start":{"line":141,"column":6},"end":{"line":152,"column":7}},"type":"if","locations":[{"start":{"line":141,"column":6},"end":{"line":152,"column":7}},{"start":{},"end":{}}]},"16":{"loc":{"start":{"line":145,"column":20},"end":{"line":145,"column":71}},"type":"cond-expr","locations":[{"start":{"line":145,"column":55},"end":{"line":145,"column":67}},{"start":{"line":145,"column":70},"end":{"line":145,"column":71}}]},"17":{"loc":{"start":{"line":147,"column":23},"end":{"line":147,"column":90}},"type":"cond-expr","locations":[{"start":{"line":147,"column":40},"end":{"line":147,"column":78}},{"start":{"line":147,"column":81},"end":{"line":147,"column":90}}]},"18":{"loc":{"start":{"line":156,"column":6},"end":{"line":166,"column":7}},"type":"if","locations":[{"start":{"line":156,"column":6},"end":{"line":166,"column":7}},{"start":{},"end":{}}]},"19":{"loc":{"start":{"line":162,"column":23},"end":{"line":162,"column":73}},"type":"binary-expr","locations":[{"start":{"line":162,"column":23},"end":{"line":162,"column":60}},{"start":{"line":162,"column":64},"end":{"line":162,"column":73}}]},"20":{"loc":{"start":{"line":179,"column":6},"end":{"line":189,"column":7}},"type":"if","locations":[{"start":{"line":179,"column":6},"end":{"line":189,"column":7}},{"start":{},"end":{}}]},"21":{"loc":{"start":{"line":185,"column":23},"end":{"line":185,"column":73}},"type":"binary-expr","locations":[{"start":{"line":185,"column":23},"end":{"line":185,"column":60}},{"start":{"line":185,"column":64},"end":{"line":185,"column":73}}]},"22":{"loc":{"start":{"line":193,"column":6},"end":{"line":203,"column":7}},"type":"if","locations":[{"start":{"line":193,"column":6},"end":{"line":203,"column":7}},{"start":{},"end":{}}]},"23":{"loc":{"start":{"line":199,"column":23},"end":{"line":199,"column":73}},"type":"binary-expr","locations":[{"start":{"line":199,"column":23},"end":{"line":199,"column":60}},{"start":{"line":199,"column":64},"end":{"line":199,"column":73}}]},"24":{"loc":{"start":{"line":207,"column":6},"end":{"line":217,"column":7}},"type":"if","locations":[{"start":{"line":207,"column":6},"end":{"line":217,"column":7}},{"start":{},"end":{}}]},"25":{"loc":{"start":{"line":213,"column":23},"end":{"line":213,"column":73}},"type":"binary-expr","locations":[{"start":{"line":213,"column":23},"end":{"line":213,"column":60}},{"start":{"line":213,"column":64},"end":{"line":213,"column":73}}]},"26":{"loc":{"start":{"line":233,"column":65},"end":{"line":233,"column":79}},"type":"binary-expr","locations":[{"start":{"line":233,"column":65},"end":{"line":233,"column":74}},{"start":{"line":233,"column":78},"end":{"line":233,"column":79}}]},"27":{"loc":{"start":{"line":236,"column":11},"end":{"line":236,"column":100}},"type":"binary-expr","locations":[{"start":{"line":236,"column":11},"end":{"line":236,"column":38}},{"start":{"line":236,"column":42},"end":{"line":236,"column":56}},{"start":{"line":236,"column":60},"end":{"line":236,"column":100}}]},"28":{"loc":{"start":{"line":261,"column":4},"end":{"line":273,"column":5}},"type":"switch","locations":[{"start":{"line":262,"column":6},"end":{"line":262,"column":21}},{"start":{"line":263,"column":6},"end":{"line":264,"column":24}},{"start":{"line":265,"column":6},"end":{"line":266,"column":28}},{"start":{"line":267,"column":6},"end":{"line":268,"column":27}},{"start":{"line":269,"column":6},"end":{"line":270,"column":24}},{"start":{"line":271,"column":6},"end":{"line":272,"column":24}}]},"29":{"loc":{"start":{"line":281,"column":17},"end":{"line":281,"column":40}},"type":"binary-expr","locations":[{"start":{"line":281,"column":17},"end":{"line":281,"column":31}},{"start":{"line":281,"column":35},"end":{"line":281,"column":40}}]},"30":{"loc":{"start":{"line":283,"column":19},"end":{"line":283,"column":52}},"type":"binary-expr","locations":[{"start":{"line":283,"column":19},"end":{"line":283,"column":39}},{"start":{"line":283,"column":43},"end":{"line":283,"column":52}}]}},"s":{"0":0,"1":0,"2":0,"3":0,"4":0,"5":0,"6":0,"7":0,"8":0,"9":0,"10":0,"11":0,"12":0,"13":0,"14":0,"15":0,"16":0,"17":0,"18":0,"19":0,"20":0,"21":0,"22":0,"23":0,"24":0,"25":0,"26":0,"27":0,"28":0,"29":0,"30":0,"31":0,"32":0,"33":0,"34":0,"35":0,"36":0,"37":0,"38":0,"39":0,"40":0,"41":0,"42":0,"43":0,"44":0,"45":0,"46":0,"47":0,"48":0,"49":0,"50":0,"51":0,"52":0,"53":0,"54":0,"55":0,"56":0,"57":0,"58":0,"59":0,"60":0,"61":0,"62":0,"63":0,"64":0,"65":0,"66":0,"67":0,"68":0,"69":0,"70":0,"71":0,"72":0,"73":0,"74":0,"75":0,"76":0,"77":0,"78":0,"79":0,"80":0,"81":0,"82":0,"83":0,"84":0},"f":{"0":0,"1":0,"2":0,"3":0,"4":0,"5":0,"6":0,"7":0,"8":0,"9":0,"10":0,"11":0},"b":{"0":[0,0],"1":[0,0],"2":[0,0],"3":[0,0],"4":[0,0],"5":[0,0],"6":[0,0],"7":[0,0],"8":[0,0],"9":[0,0],"10":[0,0],"11":[0,0],"12":[0,0],"13":[0,0],"14":[0,0],"15":[0,0],"16":[0,0],"17":[0,0],"18":[0,0],"19":[0,0],"20":[0,0],"21":[0,0],"22":[0,0],"23":[0,0],"24":[0,0],"25":[0,0],"26":[0,0],"27":[0,0,0],"28":[0,0,0,0,0,0],"29":[0,0],"30":[0,0]}}
,"C:\\Users\\Surface\\Documents\\Drips\\GasGuard\\apps\\api\\src\\controllers\\cross-chain-gas.controller.ts": {"path":"C:\\Users\\Surface\\Documents\\Drips\\GasGuard\\apps\\api\\src\\controllers\\cross-chain-gas.controller.ts","statementMap":{"0":{"start":{"line":1,"column":0},"end":{"line":1,"column":88}},"1":{"start":{"line":2,"column":0},"end":{"line":2,"column":94}},"2":{"start":{"line":3,"column":0},"end":{"line":3,"column":75}},"3":{"start":{"line":9,"column":0},"end":{"line":9,"column":72}},"4":{"start":{"line":14,"column":7},"end":{"line":116,"column":null}},"5":{"start":{"line":15,"column":31},"end":{"line":15,"column":53}},"6":{"start":{"line":39,"column":4},"end":{"line":41,"column":5}},"7":{"start":{"line":40,"column":6},"end":{"line":40,"column":111}},"8":{"start":{"line":43,"column":42},"end":{"line":45,"column":6}},"9":{"start":{"line":47,"column":4},"end":{"line":47,"column":73}},"10":{"start":{"line":60,"column":4},"end":{"line":60,"column":58}},"11":{"start":{"line":78,"column":4},"end":{"line":78,"column":62}},"12":{"start":{"line":79,"column":4},"end":{"line":82,"column":6}},"13":{"start":{"line":110,"column":4},"end":{"line":112,"column":5}},"14":{"start":{"line":111,"column":6},"end":{"line":111,"column":66}},"15":{"start":{"line":114,"column":4},"end":{"line":114,"column":79}},"16":{"start":{"line":14,"column":13},"end":{"line":14,"column":36}},"17":{"start":{"line":36,"column":8},"end":{"line":48,"column":null}},"18":{"start":{"line":59,"column":8},"end":{"line":61,"column":null}},"19":{"start":{"line":77,"column":8},"end":{"line":83,"column":null}},"20":{"start":{"line":106,"column":8},"end":{"line":115,"column":null}},"21":{"start":{"line":14,"column":13},"end":{"line":116,"column":null}}},"fnMap":{"0":{"name":"(anonymous_4)","decl":{"start":{"line":15,"column":2},"end":{"line":15,"column":31}},"loc":{"start":{"line":15,"column":73},"end":{"line":15,"column":77}}},"1":{"name":"(anonymous_5)","decl":{"start":{"line":36,"column":8},"end":{"line":36,"column":34}},"loc":{"start":{"line":37,"column":35},"end":{"line":48,"column":3}}},"2":{"name":"(anonymous_6)","decl":{"start":{"line":59,"column":8},"end":{"line":59,"column":26}},"loc":{"start":{"line":59,"column":26},"end":{"line":61,"column":3}}},"3":{"name":"(anonymous_7)","decl":{"start":{"line":77,"column":8},"end":{"line":77,"column":22}},"loc":{"start":{"line":77,"column":22},"end":{"line":83,"column":3}}},"4":{"name":"(anonymous_8)","decl":{"start":{"line":106,"column":8},"end":{"line":106,"column":21}},"loc":{"start":{"line":108,"column":34},"end":{"line":115,"column":3}}}},"branchMap":{"0":{"loc":{"start":{"line":39,"column":4},"end":{"line":41,"column":5}},"type":"if","locations":[{"start":{"line":39,"column":4},"end":{"line":41,"column":5}},{"start":{},"end":{}}]},"1":{"loc":{"start":{"line":110,"column":4},"end":{"line":112,"column":5}},"type":"if","locations":[{"start":{"line":110,"column":4},"end":{"line":112,"column":5}},{"start":{},"end":{}}]},"2":{"loc":{"start":{"line":110,"column":8},"end":{"line":110,"column":34}},"type":"binary-expr","locations":[{"start":{"line":110,"column":8},"end":{"line":110,"column":16}},{"start":{"line":110,"column":20},"end":{"line":110,"column":34}}]}},"s":{"0":0,"1":0,"2":0,"3":0,"4":0,"5":0,"6":0,"7":0,"8":0,"9":0,"10":0,"11":0,"12":0,"13":0,"14":0,"15":0,"16":0,"17":0,"18":0,"19":0,"20":0,"21":0},"f":{"0":0,"1":0,"2":0,"3":0,"4":0},"b":{"0":[0,0],"1":[0,0],"2":[0,0]}}
,"C:\\Users\\Surface\\Documents\\Drips\\GasGuard\\apps\\api\\src\\controllers\\failed-transaction.controller.ts": {"path":"C:\\Users\\Surface\\Documents\\Drips\\GasGuard\\apps\\api\\src\\controllers\\failed-transaction.controller.ts","statementMap":{"0":{"start":{"line":1,"column":0},"end":{"line":1,"column":null}},"1":{"start":{"line":13,"column":0},"end":{"line":13,"column":104}},"2":{"start":{"line":20,"column":0},"end":{"line":20,"column":86}},"3":{"start":{"line":21,"column":0},"end":{"line":21,"column":72}},"4":{"start":{"line":26,"column":40},"end":{"line":255,"column":null}},"5":{"start":{"line":29,"column":31},"end":{"line":29,"column":59}},"6":{"start":{"line":27,"column":19},"end":{"line":27,"column":73}},"7":{"start":{"line":47,"column":4},"end":{"line":61,"column":5}},"8":{"start":{"line":48,"column":6},"end":{"line":48,"column":85}},"9":{"start":{"line":50,"column":6},"end":{"line":52,"column":7}},"10":{"start":{"line":51,"column":8},"end":{"line":51,"column":82}},"11":{"start":{"line":54,"column":6},"end":{"line":54,"column":82}},"12":{"start":{"line":56,"column":6},"end":{"line":56,"column":77}},"13":{"start":{"line":57,"column":6},"end":{"line":60,"column":8}},"14":{"start":{"line":87,"column":4},"end":{"line":103,"column":5}},"15":{"start":{"line":88,"column":6},"end":{"line":90,"column":7}},"16":{"start":{"line":89,"column":8},"end":{"line":89,"column":82}},"17":{"start":{"line":92,"column":27},"end":{"line":94,"column":19}},"18":{"start":{"line":93,"column":40},"end":{"line":93,"column":59}},"19":{"start":{"line":93,"column":74},"end":{"line":93,"column":84}},"20":{"start":{"line":96,"column":6},"end":{"line":96,"column":90}},"21":{"start":{"line":98,"column":6},"end":{"line":98,"column":74}},"22":{"start":{"line":99,"column":6},"end":{"line":102,"column":8}},"23":{"start":{"line":128,"column":4},"end":{"line":140,"column":5}},"24":{"start":{"line":129,"column":6},"end":{"line":131,"column":7}},"25":{"start":{"line":130,"column":8},"end":{"line":130,"column":82}},"26":{"start":{"line":133,"column":6},"end":{"line":133,"column":90}},"27":{"start":{"line":135,"column":6},"end":{"line":135,"column":80}},"28":{"start":{"line":136,"column":6},"end":{"line":139,"column":8}},"29":{"start":{"line":159,"column":4},"end":{"line":185,"column":5}},"30":{"start":{"line":161,"column":6},"end":{"line":166,"column":7}},"31":{"start":{"line":162,"column":8},"end":{"line":165,"column":10}},"32":{"start":{"line":168,"column":6},"end":{"line":170,"column":7}},"33":{"start":{"line":169,"column":8},"end":{"line":169,"column":82}},"34":{"start":{"line":172,"column":6},"end":{"line":174,"column":7}},"35":{"start":{"line":173,"column":8},"end":{"line":173,"column":84}},"36":{"start":{"line":176,"column":6},"end":{"line":176,"column":116}},"37":{"start":{"line":178,"column":6},"end":{"line":178,"column":93}},"38":{"start":{"line":180,"column":6},"end":{"line":180,"column":79}},"39":{"start":{"line":181,"column":6},"end":{"line":184,"column":8}},"40":{"start":{"line":211,"column":4},"end":{"line":234,"column":5}},"41":{"start":{"line":212,"column":25},"end":{"line":212,"column":42}},"42":{"start":{"line":213,"column":6},"end":{"line":215,"column":7}},"43":{"start":{"line":214,"column":8},"end":{"line":214,"column":76}},"44":{"start":{"line":219,"column":6},"end":{"line":227,"column":8}},"45":{"start":{"line":229,"column":6},"end":{"line":229,"column":71}},"46":{"start":{"line":230,"column":6},"end":{"line":233,"column":8}},"47":{"start":{"line":248,"column":4},"end":{"line":253,"column":6}},"48":{"start":{"line":26,"column":13},"end":{"line":26,"column":40}},"49":{"start":{"line":44,"column":8},"end":{"line":62,"column":null}},"50":{"start":{"line":83,"column":8},"end":{"line":104,"column":null}},"51":{"start":{"line":124,"column":8},"end":{"line":141,"column":null}},"52":{"start":{"line":156,"column":8},"end":{"line":186,"column":null}},"53":{"start":{"line":207,"column":8},"end":{"line":235,"column":null}},"54":{"start":{"line":247,"column":8},"end":{"line":254,"column":null}},"55":{"start":{"line":26,"column":13},"end":{"line":255,"column":null}}},"fnMap":{"0":{"name":"(anonymous_4)","decl":{"start":{"line":29,"column":2},"end":{"line":29,"column":31}},"loc":{"start":{"line":29,"column":85},"end":{"line":29,"column":89}}},"1":{"name":"(anonymous_5)","decl":{"start":{"line":44,"column":8},"end":{"line":44,"column":29}},"loc":{"start":{"line":45,"column":47},"end":{"line":62,"column":3}}},"2":{"name":"(anonymous_6)","decl":{"start":{"line":83,"column":8},"end":{"line":83,"column":24}},"loc":{"start":{"line":85,"column":40},"end":{"line":104,"column":3}}},"3":{"name":"(anonymous_7)","decl":{"start":{"line":93,"column":34},"end":{"line":93,"column":36}},"loc":{"start":{"line":93,"column":40},"end":{"line":93,"column":59}}},"4":{"name":"(anonymous_8)","decl":{"start":{"line":93,"column":68},"end":{"line":93,"column":70}},"loc":{"start":{"line":93,"column":74},"end":{"line":93,"column":84}}},"5":{"name":"(anonymous_9)","decl":{"start":{"line":124,"column":8},"end":{"line":124,"column":30}},"loc":{"start":{"line":126,"column":36},"end":{"line":141,"column":3}}},"6":{"name":"(anonymous_10)","decl":{"start":{"line":156,"column":8},"end":{"line":156,"column":30}},"loc":{"start":{"line":157,"column":55},"end":{"line":186,"column":3}}},"7":{"name":"(anonymous_11)","decl":{"start":{"line":207,"column":8},"end":{"line":207,"column":21}},"loc":{"start":{"line":209,"column":42},"end":{"line":235,"column":3}}},"8":{"name":"(anonymous_12)","decl":{"start":{"line":247,"column":8},"end":{"line":247,"column":17}},"loc":{"start":{"line":247,"column":17},"end":{"line":254,"column":3}}}},"branchMap":{"0":{"loc":{"start":{"line":50,"column":6},"end":{"line":52,"column":7}},"type":"if","locations":[{"start":{"line":50,"column":6},"end":{"line":52,"column":7}},{"start":{},"end":{}}]},"1":{"loc":{"start":{"line":50,"column":10},"end":{"line":50,"column":73}},"type":"binary-expr","locations":[{"start":{"line":50,"column":10},"end":{"line":50,"column":25}},{"start":{"line":50,"column":29},"end":{"line":50,"column":73}}]},"2":{"loc":{"start":{"line":88,"column":6},"end":{"line":90,"column":7}},"type":"if","locations":[{"start":{"line":88,"column":6},"end":{"line":90,"column":7}},{"start":{},"end":{}}]},"3":{"loc":{"start":{"line":92,"column":27},"end":{"line":94,"column":19}},"type":"cond-expr","locations":[{"start":{"line":93,"column":10},"end":{"line":93,"column":85}},{"start":{"line":94,"column":10},"end":{"line":94,"column":19}}]},"4":{"loc":{"start":{"line":129,"column":6},"end":{"line":131,"column":7}},"type":"if","locations":[{"start":{"line":129,"column":6},"end":{"line":131,"column":7}},{"start":{},"end":{}}]},"5":{"loc":{"start":{"line":161,"column":6},"end":{"line":166,"column":7}},"type":"if","locations":[{"start":{"line":161,"column":6},"end":{"line":166,"column":7}},{"start":{},"end":{}}]},"6":{"loc":{"start":{"line":161,"column":10},"end":{"line":161,"column":86}},"type":"binary-expr","locations":[{"start":{"line":161,"column":10},"end":{"line":161,"column":31}},{"start":{"line":161,"column":35},"end":{"line":161,"column":58}},{"start":{"line":161,"column":62},"end":{"line":161,"column":86}}]},"7":{"loc":{"start":{"line":168,"column":6},"end":{"line":170,"column":7}},"type":"if","locations":[{"start":{"line":168,"column":6},"end":{"line":170,"column":7}},{"start":{},"end":{}}]},"8":{"loc":{"start":{"line":172,"column":6},"end":{"line":174,"column":7}},"type":"if","locations":[{"start":{"line":172,"column":6},"end":{"line":174,"column":7}},{"start":{},"end":{}}]},"9":{"loc":{"start":{"line":213,"column":6},"end":{"line":215,"column":7}},"type":"if","locations":[{"start":{"line":213,"column":6},"end":{"line":215,"column":7}},{"start":{},"end":{}}]},"10":{"loc":{"start":{"line":221,"column":19},"end":{"line":221,"column":37}},"type":"binary-expr","locations":[{"start":{"line":221,"column":19},"end":{"line":221,"column":28}},{"start":{"line":221,"column":32},"end":{"line":221,"column":37}}]}},"s":{"0":0,"1":0,"2":0,"3":0,"4":0,"5":0,"6":0,"7":0,"8":0,"9":0,"10":0,"11":0,"12":0,"13":0,"14":0,"15":0,"16":0,"17":0,"18":0,"19":0,"20":0,"21":0,"22":0,"23":0,"24":0,"25":0,"26":0,"27":0,"28":0,"29":0,"30":0,"31":0,"32":0,"33":0,"34":0,"35":0,"36":0,"37":0,"38":0,"39":0,"40":0,"41":0,"42":0,"43":0,"44":0,"45":0,"46":0,"47":0,"48":0,"49":0,"50":0,"51":0,"52":0,"53":0,"54":0,"55":0},"f":{"0":0,"1":0,"2":0,"3":0,"4":0,"5":0,"6":0,"7":0,"8":0},"b":{"0":[0,0],"1":[0,0],"2":[0,0],"3":[0,0],"4":[0,0],"5":[0,0],"6":[0,0,0],"7":[0,0],"8":[0,0],"9":[0,0],"10":[0,0]}}
,"C:\\Users\\Surface\\Documents\\Drips\\GasGuard\\apps\\api\\src\\example\\example.controller.ts": {"path":"C:\\Users\\Surface\\Documents\\Drips\\GasGuard\\apps\\api\\src\\example\\example.controller.ts","statementMap":{"0":{"start":{"line":1,"column":0},"end":{"line":1,"column":49}},"1":{"start":{"line":12,"column":7},"end":{"line":21,"column":null}},"2":{"start":{"line":15,"column":4},"end":{"line":19,"column":6}},"3":{"start":{"line":12,"column":13},"end":{"line":12,"column":30}},"4":{"start":{"line":14,"column":2},"end":{"line":20,"column":null}},"5":{"start":{"line":12,"column":13},"end":{"line":21,"column":null}}},"fnMap":{"0":{"name":"(anonymous_2)","decl":{"start":{"line":14,"column":2},"end":{"line":14,"column":12}},"loc":{"start":{"line":14,"column":12},"end":{"line":20,"column":3}}}},"branchMap":{},"s":{"0":0,"1":0,"2":0,"3":0,"4":0,"5":0},"f":{"0":0},"b":{}}
,"C:\\Users\\Surface\\Documents\\Drips\\GasGuard\\apps\\api\\src\\middleware\\error.middleware.ts": {"path":"C:\\Users\\Surface\\Documents\\Drips\\GasGuard\\apps\\api\\src\\middleware\\error.middleware.ts","statementMap":{"0":{"start":{"line":10,"column":0},"end":{"line":10,"column":16}},"1":{"start":{"line":49,"column":0},"end":{"line":49,"column":16}},"2":{"start":{"line":60,"column":0},"end":{"line":60,"column":16}},"3":{"start":{"line":66,"column":0},"end":{"line":66,"column":16}},"4":{"start":{"line":16,"column":2},"end":{"line":23,"column":5}},"5":{"start":{"line":25,"column":21},"end":{"line":25,"column":44}},"6":{"start":{"line":26,"column":20},"end":{"line":26,"column":57}},"7":{"start":{"line":28,"column":37},"end":{"line":36,"column":4}},"8":{"start":{"line":39,"column":2},"end":{"line":44,"column":3}},"9":{"start":{"line":40,"column":4},"end":{"line":43,"column":6}},"10":{"start":{"line":46,"column":2},"end":{"line":46,"column":40}},"11":{"start":{"line":50,"column":2},"end":{"line":57,"column":5}},"12":{"start":{"line":61,"column":2},"end":{"line":62,"column":67}},"13":{"start":{"line":63,"column":2},"end":{"line":63,"column":9}},"14":{"start":{"line":67,"column":2},"end":{"line":74,"column":5}}},"fnMap":{"0":{"name":"errorHandler","decl":{"start":{"line":10,"column":16},"end":{"line":10,"column":28}},"loc":{"start":{"line":14,"column":20},"end":{"line":47,"column":1}}},"1":{"name":"notFoundHandler","decl":{"start":{"line":49,"column":16},"end":{"line":49,"column":31}},"loc":{"start":{"line":49,"column":59},"end":{"line":58,"column":1}}},"2":{"name":"requestIdHandler","decl":{"start":{"line":60,"column":16},"end":{"line":60,"column":32}},"loc":{"start":{"line":60,"column":80},"end":{"line":64,"column":1}}},"3":{"name":"rateLimitHandler","decl":{"start":{"line":66,"column":16},"end":{"line":66,"column":32}},"loc":{"start":{"line":66,"column":60},"end":{"line":75,"column":1}}}},"branchMap":{"0":{"loc":{"start":{"line":25,"column":21},"end":{"line":25,"column":44}},"type":"binary-expr","locations":[{"start":{"line":25,"column":21},"end":{"line":25,"column":37}},{"start":{"line":25,"column":41},"end":{"line":25,"column":44}}]},"1":{"loc":{"start":{"line":26,"column":20},"end":{"line":26,"column":57}},"type":"binary-expr","locations":[{"start":{"line":26,"column":20},"end":{"line":26,"column":30}},{"start":{"line":26,"column":34},"end":{"line":26,"column":57}}]},"2":{"loc":{"start":{"line":31,"column":15},"end":{"line":31,"column":62}},"type":"binary-expr","locations":[{"start":{"line":31,"column":15},"end":{"line":31,"column":28}},{"start":{"line":31,"column":32},"end":{"line":31,"column":62}}]},"3":{"loc":{"start":{"line":34,"column":17},"end":{"line":34,"column":67}},"type":"binary-expr","locations":[{"start":{"line":34,"column":17},"end":{"line":34,"column":54}},{"start":{"line":34,"column":58},"end":{"line":34,"column":67}}]},"4":{"loc":{"start":{"line":39,"column":2},"end":{"line":44,"column":3}},"type":"if","locations":[{"start":{"line":39,"column":2},"end":{"line":44,"column":3}},{"start":{},"end":{}}]},"5":{"loc":{"start":{"line":55,"column":17},"end":{"line":55,"column":67}},"type":"binary-expr","locations":[{"start":{"line":55,"column":17},"end":{"line":55,"column":54}},{"start":{"line":55,"column":58},"end":{"line":55,"column":67}}]},"6":{"loc":{"start":{"line":61,"column":32},"end":{"line":62,"column":66}},"type":"binary-expr","locations":[{"start":{"line":61,"column":32},"end":{"line":61,"column":59}},{"start":{"line":62,"column":4},"end":{"line":62,"column":66}}]},"7":{"loc":{"start":{"line":72,"column":17},"end":{"line":72,"column":67}},"type":"binary-expr","locations":[{"start":{"line":72,"column":17},"end":{"line":72,"column":54}},{"start":{"line":72,"column":58},"end":{"line":72,"column":67}}]}},"s":{"0":0,"1":0,"2":0,"3":0,"4":0,"5":0,"6":0,"7":0,"8":0,"9":0,"10":0,"11":0,"12":0,"13":0,"14":0},"f":{"0":0,"1":0,"2":0,"3":0},"b":{"0":[0,0],"1":[0,0],"2":[0,0],"3":[0,0],"4":[0,0],"5":[0,0],"6":[0,0],"7":[0,0]}}
,"C:\\Users\\Surface\\Documents\\Drips\\GasGuard\\apps\\api\\src\\routes\\analysis.routes.ts": {"path":"C:\\Users\\Surface\\Documents\\Drips\\GasGuard\\apps\\api\\src\\routes\\analysis.routes.ts","statementMap":{"0":{"start":{"line":5,"column":0},"end":{"line":5,"column":16}},"1":{"start":{"line":1,"column":0},"end":{"line":1,"column":33}},"2":{"start":{"line":2,"column":0},"end":{"line":2,"column":72}},"3":{"start":{"line":3,"column":0},"end":{"line":3,"column":69}},"4":{"start":{"line":6,"column":17},"end":{"line":6,"column":25}},"5":{"start":{"line":7,"column":21},"end":{"line":7,"column":50}},"6":{"start":{"line":10,"column":2},"end":{"line":13,"column":4}},"7":{"start":{"line":12,"column":18},"end":{"line":12,"column":53}},"8":{"start":{"line":16,"column":2},"end":{"line":18,"column":4}},"9":{"start":{"line":17,"column":18},"end":{"line":17,"column":56}},"10":{"start":{"line":21,"column":2},"end":{"line":23,"column":4}},"11":{"start":{"line":22,"column":18},"end":{"line":22,"column":56}},"12":{"start":{"line":26,"column":2},"end":{"line":28,"column":4}},"13":{"start":{"line":27,"column":18},"end":{"line":27,"column":53}},"14":{"start":{"line":30,"column":2},"end":{"line":30,"column":16}}},"fnMap":{"0":{"name":"createAnalysisRoutes","decl":{"start":{"line":5,"column":16},"end":{"line":5,"column":36}},"loc":{"start":{"line":5,"column":47},"end":{"line":31,"column":1}}},"1":{"name":"(anonymous_1)","decl":{"start":{"line":12,"column":4},"end":{"line":12,"column":5}},"loc":{"start":{"line":12,"column":18},"end":{"line":12,"column":53}}},"2":{"name":"(anonymous_2)","decl":{"start":{"line":17,"column":4},"end":{"line":17,"column":5}},"loc":{"start":{"line":17,"column":18},"end":{"line":17,"column":56}}},"3":{"name":"(anonymous_3)","decl":{"start":{"line":22,"column":4},"end":{"line":22,"column":5}},"loc":{"start":{"line":22,"column":18},"end":{"line":22,"column":56}}},"4":{"name":"(anonymous_4)","decl":{"start":{"line":27,"column":4},"end":{"line":27,"column":5}},"loc":{"start":{"line":27,"column":18},"end":{"line":27,"column":53}}}},"branchMap":{},"s":{"0":0,"1":0,"2":0,"3":0,"4":0,"5":0,"6":0,"7":0,"8":0,"9":0,"10":0,"11":0,"12":0,"13":0,"14":0},"f":{"0":0,"1":0,"2":0,"3":0,"4":0},"b":{}}
,"C:\\Users\\Surface\\Documents\\Drips\\GasGuard\\apps\\api\\src\\services\\cross-chain-gas.service.ts": {"path":"C:\\Users\\Surface\\Documents\\Drips\\GasGuard\\apps\\api\\src\\services\\cross-chain-gas.service.ts","statementMap":{"0":{"start":{"line":1,"column":0},"end":{"line":1,"column":44}},"1":{"start":{"line":12,"column":7},"end":{"line":170,"column":null}},"2":{"start":{"line":13,"column":19},"end":{"line":49,"column":4}},"3":{"start":{"line":51,"column":19},"end":{"line":55,"column":4}},"4":{"start":{"line":57,"column":19},"end":{"line":63,"column":4}},"5":{"start":{"line":66,"column":25},"end":{"line":67,"column":null}},"6":{"start":{"line":67,"column":40},"end":{"line":67,"column":70}},"7":{"start":{"line":70,"column":28},"end":{"line":71,"column":null}},"8":{"start":{"line":71,"column":6},"end":{"line":71,"column":52}},"9":{"start":{"line":74,"column":25},"end":{"line":74,"column":63}},"10":{"start":{"line":76,"column":4},"end":{"line":80,"column":6}},"11":{"start":{"line":85,"column":26},"end":{"line":91,"column":6}},"12":{"start":{"line":93,"column":22},"end":{"line":93,"column":168}},"13":{"start":{"line":95,"column":4},"end":{"line":103,"column":6}},"14":{"start":{"line":107,"column":20},"end":{"line":107,"column":89}},"15":{"start":{"line":108,"column":20},"end":{"line":108,"column":60}},"16":{"start":{"line":109,"column":24},"end":{"line":109,"column":67}},"17":{"start":{"line":110,"column":30},"end":{"line":110,"column":51}},"18":{"start":{"line":112,"column":25},"end":{"line":112,"column":60}},"19":{"start":{"line":113,"column":28},"end":{"line":113,"column":60}},"20":{"start":{"line":114,"column":26},"end":{"line":114,"column":83}},"21":{"start":{"line":116,"column":4},"end":{"line":123,"column":6}},"22":{"start":{"line":127,"column":24},"end":{"line":127,"column":77}},"23":{"start":{"line":127,"column":45},"end":{"line":127,"column":76}},"24":{"start":{"line":129,"column":4},"end":{"line":136,"column":8}},"25":{"start":{"line":129,"column":45},"end":{"line":136,"column":6}},"26":{"start":{"line":140,"column":18},"end":{"line":140,"column":71}},"27":{"start":{"line":140,"column":49},"end":{"line":140,"column":70}},"28":{"start":{"line":141,"column":4},"end":{"line":141,"column":50}},"29":{"start":{"line":145,"column":18},"end":{"line":145,"column":71}},"30":{"start":{"line":145,"column":49},"end":{"line":145,"column":70}},"31":{"start":{"line":146,"column":20},"end":{"line":146,"column":42}},"32":{"start":{"line":148,"column":4},"end":{"line":154,"column":5}},"33":{"start":{"line":149,"column":6},"end":{"line":149,"column":47}},"34":{"start":{"line":150,"column":11},"end":{"line":154,"column":5}},"35":{"start":{"line":151,"column":6},"end":{"line":151,"column":46}},"36":{"start":{"line":153,"column":6},"end":{"line":153,"column":51}},"37":{"start":{"line":158,"column":4},"end":{"line":158,"column":32}},"38":{"start":{"line":163,"column":4},"end":{"line":163,"column":51}},"39":{"start":{"line":168,"column":4},"end":{"line":168,"column":14}},"40":{"start":{"line":12,"column":13},"end":{"line":12,"column":33}},"41":{"start":{"line":12,"column":13},"end":{"line":170,"column":null}}},"fnMap":{"0":{"name":"(anonymous_1)","decl":{"start":{"line":12,"column":7},"end":{"line":12,"column":13}},"loc":{"start":{"line":12,"column":7},"end":{"line":170,"column":1}}},"1":{"name":"(anonymous_2)","decl":{"start":{"line":65,"column":2},"end":{"line":65,"column":7}},"loc":{"start":{"line":65,"column":64},"end":{"line":81,"column":3}}},"2":{"name":"(anonymous_3)","decl":{"start":{"line":67,"column":31},"end":{"line":67,"column":36}},"loc":{"start":{"line":67,"column":40},"end":{"line":67,"column":70}}},"3":{"name":"(anonymous_4)","decl":{"start":{"line":70,"column":45},"end":{"line":70,"column":52}},"loc":{"start":{"line":71,"column":6},"end":{"line":71,"column":52}}},"4":{"name":"(anonymous_5)","decl":{"start":{"line":83,"column":10},"end":{"line":83,"column":15}},"loc":{"start":{"line":83,"column":56},"end":{"line":104,"column":3}}},"5":{"name":"(anonymous_6)","decl":{"start":{"line":106,"column":10},"end":{"line":106,"column":26}},"loc":{"start":{"line":106,"column":67},"end":{"line":124,"column":3}}},"6":{"name":"(anonymous_7)","decl":{"start":{"line":126,"column":10},"end":{"line":126,"column":26}},"loc":{"start":{"line":126,"column":58},"end":{"line":137,"column":3}}},"7":{"name":"(anonymous_8)","decl":{"start":{"line":127,"column":35},"end":{"line":127,"column":36}},"loc":{"start":{"line":127,"column":45},"end":{"line":127,"column":76}}},"8":{"name":"(anonymous_9)","decl":{"start":{"line":129,"column":27},"end":{"line":129,"column":28}},"loc":{"start":{"line":129,"column":45},"end":{"line":136,"column":6}}},"9":{"name":"(anonymous_10)","decl":{"start":{"line":139,"column":10},"end":{"line":139,"column":22}},"loc":{"start":{"line":139,"column":38},"end":{"line":142,"column":3}}},"10":{"name":"(anonymous_11)","decl":{"start":{"line":140,"column":44},"end":{"line":140,"column":45}},"loc":{"start":{"line":140,"column":49},"end":{"line":140,"column":70}}},"11":{"name":"(anonymous_12)","decl":{"start":{"line":144,"column":10},"end":{"line":144,"column":32}},"loc":{"start":{"line":144,"column":48},"end":{"line":155,"column":3}}},"12":{"name":"(anonymous_13)","decl":{"start":{"line":145,"column":44},"end":{"line":145,"column":45}},"loc":{"start":{"line":145,"column":49},"end":{"line":145,"column":70}}},"13":{"name":"(anonymous_14)","decl":{"start":{"line":157,"column":2},"end":{"line":157,"column":7}},"loc":{"start":{"line":157,"column":26},"end":{"line":159,"column":3}}},"14":{"name":"(anonymous_15)","decl":{"start":{"line":161,"column":2},"end":{"line":161,"column":7}},"loc":{"start":{"line":161,"column":31},"end":{"line":164,"column":3}}},"15":{"name":"(anonymous_16)","decl":{"start":{"line":166,"column":2},"end":{"line":166,"column":7}},"loc":{"start":{"line":166,"column":69},"end":{"line":169,"column":3}}}},"branchMap":{"0":{"loc":{"start":{"line":18,"column":14},"end":{"line":18,"column":89}},"type":"binary-expr","locations":[{"start":{"line":18,"column":14},"end":{"line":18,"column":42}},{"start":{"line":18,"column":46},"end":{"line":18,"column":89}}]},"1":{"loc":{"start":{"line":25,"column":14},"end":{"line":25,"column":92}},"type":"binary-expr","locations":[{"start":{"line":25,"column":14},"end":{"line":25,"column":41}},{"start":{"line":25,"column":45},"end":{"line":25,"column":92}}]},"2":{"loc":{"start":{"line":32,"column":14},"end":{"line":32,"column":75}},"type":"binary-expr","locations":[{"start":{"line":32,"column":14},"end":{"line":32,"column":37}},{"start":{"line":32,"column":41},"end":{"line":32,"column":75}}]},"3":{"loc":{"start":{"line":39,"column":14},"end":{"line":39,"column":76}},"type":"binary-expr","locations":[{"start":{"line":39,"column":14},"end":{"line":39,"column":42}},{"start":{"line":39,"column":46},"end":{"line":39,"column":76}}]},"4":{"loc":{"start":{"line":46,"column":14},"end":{"line":46,"column":75}},"type":"binary-expr","locations":[{"start":{"line":46,"column":14},"end":{"line":46,"column":42}},{"start":{"line":46,"column":46},"end":{"line":46,"column":75}}]},"5":{"loc":{"start":{"line":93,"column":22},"end":{"line":93,"column":168}},"type":"binary-expr","locations":[{"start":{"line":93,"column":22},"end":{"line":93,"column":111}},{"start":{"line":93,"column":115},"end":{"line":93,"column":168}}]},"6":{"loc":{"start":{"line":101,"column":28},"end":{"line":101,"column":100}},"type":"binary-expr","locations":[{"start":{"line":101,"column":28},"end":{"line":101,"column":95}},{"start":{"line":101,"column":99},"end":{"line":101,"column":100}}]},"7":{"loc":{"start":{"line":108,"column":27},"end":{"line":108,"column":59}},"type":"binary-expr","locations":[{"start":{"line":108,"column":27},"end":{"line":108,"column":42}},{"start":{"line":108,"column":46},"end":{"line":108,"column":59}}]},"8":{"loc":{"start":{"line":109,"column":31},"end":{"line":109,"column":66}},"type":"binary-expr","locations":[{"start":{"line":109,"column":31},"end":{"line":109,"column":50}},{"start":{"line":109,"column":54},"end":{"line":109,"column":66}}]},"9":{"loc":{"start":{"line":141,"column":11},"end":{"line":141,"column":49}},"type":"binary-expr","locations":[{"start":{"line":141,"column":11},"end":{"line":141,"column":27}},{"start":{"line":141,"column":31},"end":{"line":141,"column":49}}]},"10":{"loc":{"start":{"line":146,"column":20},"end":{"line":146,"column":42}},"type":"binary-expr","locations":[{"start":{"line":146,"column":20},"end":{"line":146,"column":36}},{"start":{"line":146,"column":40},"end":{"line":146,"column":42}}]},"11":{"loc":{"start":{"line":148,"column":4},"end":{"line":154,"column":5}},"type":"if","locations":[{"start":{"line":148,"column":4},"end":{"line":154,"column":5}},{"start":{"line":150,"column":11},"end":{"line":154,"column":5}}]},"12":{"loc":{"start":{"line":150,"column":11},"end":{"line":154,"column":5}},"type":"if","locations":[{"start":{"line":150,"column":11},"end":{"line":154,"column":5}},{"start":{"line":152,"column":11},"end":{"line":154,"column":5}}]},"13":{"loc":{"start":{"line":166,"column":51},"end":{"line":166,"column":69}},"type":"default-arg","locations":[{"start":{"line":166,"column":67},"end":{"line":166,"column":69}}]}},"s":{"0":0,"1":0,"2":0,"3":0,"4":0,"5":0,"6":0,"7":0,"8":0,"9":0,"10":0,"11":0,"12":0,"13":0,"14":0,"15":0,"16":0,"17":0,"18":0,"19":0,"20":0,"21":0,"22":0,"23":0,"24":0,"25":0,"26":0,"27":0,"28":0,"29":0,"30":0,"31":0,"32":0,"33":0,"34":0,"35":0,"36":0,"37":0,"38":0,"39":0,"40":0,"41":0},"f":{"0":0,"1":0,"2":0,"3":0,"4":0,"5":0,"6":0,"7":0,"8":0,"9":0,"10":0,"11":0,"12":0,"13":0,"14":0,"15":0},"b":{"0":[0,0],"1":[0,0],"2":[0,0],"3":[0,0],"4":[0,0],"5":[0,0],"6":[0,0],"7":[0,0],"8":[0,0],"9":[0,0],"10":[0,0],"11":[0,0],"12":[0,0],"13":[0]}}
[...]
d":{"line":68,"column":31}},{"start":{"line":68,"column":35},"end":{"line":68,"column":77}}]},"5":{"loc":{"start":{"line":69,"column":13},"end":{"line":69,"column":55}},"type":"binary-expr","locations":[{"start":{"line":69,"column":13},"end":{"line":69,"column":27}},{"start":{"line":69,"column":31},"end":{"line":69,"column":55}}]},"6":{"loc":{"start":{"line":89,"column":26},"end":{"line":91,"column":101}},"type":"cond-expr","locations":[{"start":{"line":90,"column":8},"end":{"line":90,"column":54}},{"start":{"line":91,"column":8},"end":{"line":91,"column":101}}]},"7":{"loc":{"start":{"line":93,"column":4},"end":{"line":95,"column":5}},"type":"if","locations":[{"start":{"line":93,"column":4},"end":{"line":95,"column":5}},{"start":{},"end":{}}]},"8":{"loc":{"start":{"line":148,"column":4},"end":{"line":148,"column":36}},"type":"if","locations":[{"start":{"line":148,"column":4},"end":{"line":148,"column":36}},{"start":{},"end":{}}]},"9":{"loc":{"start":{"line":152,"column":24},"end":{"line":152,"column":81}},"type":"cond-expr","locations":[{"start":{"line":152,"column":42},"end":{"line":152,"column":67}},{"start":{"line":152,"column":70},"end":{"line":152,"column":81}}]},"10":{"loc":{"start":{"line":153,"column":22},"end":{"line":153,"column":74}},"type":"cond-expr","locations":[{"start":{"line":153,"column":38},"end":{"line":153,"column":61}},{"start":{"line":153,"column":64},"end":{"line":153,"column":74}}]},"11":{"loc":{"start":{"line":155,"column":13},"end":{"line":155,"column":53}},"type":"binary-expr","locations":[{"start":{"line":155,"column":13},"end":{"line":155,"column":32}},{"start":{"line":155,"column":36},"end":{"line":155,"column":53}}]},"12":{"loc":{"start":{"line":163,"column":40},"end":{"line":163,"column":75}},"type":"binary-expr","locations":[{"start":{"line":163,"column":40},"end":{"line":163,"column":70}},{"start":{"line":163,"column":74},"end":{"line":163,"column":75}}]},"13":{"loc":{"start":{"line":173,"column":6},"end":{"line":180,"column":7}},"type":"if","locations":[{"start":{"line":173,"column":6},"end":{"line":180,"column":7}},{"start":{},"end":{}}]},"14":{"loc":{"start":{"line":204,"column":6},"end":{"line":207,"column":7}},"type":"if","locations":[{"start":{"line":204,"column":6},"end":{"line":207,"column":7}},{"start":{},"end":{}}]},"15":{"loc":{"start":{"line":217,"column":33},"end":{"line":217,"column":61}},"type":"binary-expr","locations":[{"start":{"line":217,"column":33},"end":{"line":217,"column":56}},{"start":{"line":217,"column":60},"end":{"line":217,"column":61}}]},"16":{"loc":{"start":{"line":224,"column":6},"end":{"line":227,"column":7}},"type":"if","locations":[{"start":{"line":224,"column":6},"end":{"line":227,"column":7}},{"start":{},"end":{}}]},"17":{"loc":{"start":{"line":234,"column":4},"end":{"line":236,"column":5}},"type":"if","locations":[{"start":{"line":234,"column":4},"end":{"line":236,"column":5}},{"start":{},"end":{}}]},"18":{"loc":{"start":{"line":239,"column":6},"end":{"line":239,"column":81}},"type":"cond-expr","locations":[{"start":{"line":239,"column":65},"end":{"line":239,"column":72}},{"start":{"line":239,"column":75},"end":{"line":239,"column":81}}]}},"s":{"0":0,"1":0,"2":0,"3":0,"4":0,"5":0,"6":0,"7":0,"8":0,"9":0,"10":0,"11":0,"12":0,"13":0,"14":0,"15":0,"16":0,"17":0,"18":0,"19":0,"20":0,"21":0,"22":0,"23":0,"24":0,"25":0,"26":0,"27":0,"28":0,"29":0,"30":0,"31":0,"32":0,"33":0,"34":0,"35":0,"36":0,"37":0,"38":0,"39":0,"40":0,"41":0,"42":0,"43":0,"44":0,"45":0,"46":0,"47":0,"48":0,"49":0,"50":0,"51":0,"52":0,"53":0,"54":0,"55":0,"56":0,"57":0,"58":0,"59":0,"60":0,"61":0,"62":0,"63":0,"64":0,"65":0,"66":0,"67":0,"68":0,"69":0,"70":0,"71":0,"72":0,"73":0,"74":0,"75":0,"76":0,"77":0,"78":0,"79":0},"f":{"0":0,"1":0,"2":0,"3":0,"4":0,"5":0,"6":0,"7":0,"8":0,"9":0,"10":0,"11":0,"12":0,"13":0,"14":0,"15":0,"16":0,"17":0,"18":0,"19":0,"20":0,"21":0,"22":0,"23":0,"24":0},"b":{"0":[0],"1":[0,0],"2":[0,0],"3":[0,0],"4":[0,0],"5":[0,0],"6":[0,0],"7":[0,0],"8":[0,0],"9":[0,0],"10":[0,0],"11":[0,0],"12":[0,0],"13":[0,0],"14":[0,0],"15":[0,0],"16":[0,0],"17":[0,0],"18":[0,0]}}
,"C:\\Users\\Surface\\Documents\\Drips\\GasGuard\\apps\\api\\src\\validation\\analysis.validator.ts": {"path":"C:\\Users\\Surface\\Documents\\Drips\\GasGuard\\apps\\api\\src\\validation\\analysis.validator.ts","statementMap":{"0":{"start":{"line":12,"column":17},"end":{"line":12,"column":54}},"1":{"start":{"line":13,"column":38},"end":{"line":13,"column":40}},"2":{"start":{"line":15,"column":4},"end":{"line":181,"column":5}},"3":{"start":{"line":17,"column":6},"end":{"line":50,"column":7}},"4":{"start":{"line":18,"column":8},"end":{"line":22,"column":11}},"5":{"start":{"line":24,"column":8},"end":{"line":31,"column":9}},"6":{"start":{"line":25,"column":10},"end":{"line":30,"column":13}},"7":{"start":{"line":33,"column":8},"end":{"line":40,"column":9}},"8":{"start":{"line":34,"column":10},"end":{"line":39,"column":13}},"9":{"start":{"line":42,"column":8},"end":{"line":49,"column":9}},"10":{"start":{"line":43,"column":10},"end":{"line":48,"column":13}},"11":{"start":{"line":53,"column":6},"end":{"line":118,"column":7}},"12":{"start":{"line":54,"column":8},"end":{"line":58,"column":11}},"13":{"start":{"line":60,"column":8},"end":{"line":67,"column":9}},"14":{"start":{"line":61,"column":10},"end":{"line":66,"column":13}},"15":{"start":{"line":69,"column":24},"end":{"line":69,"column":25}},"16":{"start":{"line":70,"column":8},"end":{"line":108,"column":11}},"17":{"start":{"line":71,"column":25},"end":{"line":71,"column":42}},"18":{"start":{"line":73,"column":10},"end":{"line":79,"column":11}},"19":{"start":{"line":74,"column":12},"end":{"line":78,"column":15}},"20":{"start":{"line":81,"column":10},"end":{"line":87,"column":11}},"21":{"start":{"line":82,"column":12},"end":{"line":86,"column":15}},"22":{"start":{"line":89,"column":10},"end":{"line":96,"column":11}},"23":{"start":{"line":90,"column":12},"end":{"line":95,"column":15}},"24":{"start":{"line":98,"column":10},"end":{"line":105,"column":11}},"25":{"start":{"line":99,"column":12},"end":{"line":104,"column":15}},"26":{"start":{"line":107,"column":10},"end":{"line":107,"column":38}},"27":{"start":{"line":110,"column":8},"end":{"line":117,"column":9}},"28":{"start":{"line":111,"column":10},"end":{"line":116,"column":13}},"29":{"start":{"line":121,"column":6},"end":{"line":139,"column":7}},"30":{"start":{"line":122,"column":8},"end":{"line":129,"column":9}},"31":{"start":{"line":123,"column":10},"end":{"line":128,"column":13}},"32":{"start":{"line":131,"column":8},"end":{"line":138,"column":9}},"33":{"start":{"line":132,"column":10},"end":{"line":137,"column":13}},"34":{"start":{"line":142,"column":6},"end":{"line":156,"column":7}},"35":{"start":{"line":143,"column":8},"end":{"line":150,"column":9}},"36":{"start":{"line":144,"column":10},"end":{"line":149,"column":13}},"37":{"start":{"line":153,"column":8},"end":{"line":155,"column":9}},"38":{"start":{"line":154,"column":10},"end":{"line":154,"column":73}},"39":{"start":{"line":158,"column":6},"end":{"line":169,"column":7}},"40":{"start":{"line":159,"column":8},"end":{"line":167,"column":11}},"41":{"start":{"line":168,"column":8},"end":{"line":168,"column":15}},"42":{"start":{"line":171,"column":6},"end":{"line":171,"column":13}},"43":{"start":{"line":173,"column":6},"end":{"line":180,"column":9}},"44":{"start":{"line":185,"column":22},"end":{"line":185,"column":62}},"45":{"start":{"line":185,"column":40},"end":{"line":185,"column":61}},"46":{"start":{"line":187,"column":4},"end":{"line":194,"column":5}},"47":{"start":{"line":188,"column":6},"end":{"line":192,"column":9}},"48":{"start":{"line":193,"column":6},"end":{"line":193,"column":13}},"49":{"start":{"line":197,"column":25},"end":{"line":197,"column":99}},"50":{"start":{"line":197,"column":41},"end":{"line":197,"column":98}},"51":{"start":{"line":198,"column":4},"end":{"line":204,"column":5}},"52":{"start":{"line":199,"column":6},"end":{"line":203,"column":9}},"53":{"start":{"line":207,"column":22},"end":{"line":207,"column":68}},"54":{"start":{"line":207,"column":38},"end":{"line":207,"column":67}},"55":{"start":{"line":208,"column":4},"end":{"line":219,"column":5}},"56":{"start":{"line":209,"column":22},"end":{"line":209,"column":39}},"57":{"start":{"line":210,"column":28},"end":{"line":210,"column":94}},"58":{"start":{"line":212,"column":6},"end":{"line":218,"column":7}},"59":{"start":{"line":213,"column":8},"end":{"line":217,"column":11}},"60":{"start":{"line":222,"column":26},"end":{"line":225,"column":null}},"61":{"start":{"line":223,"column":6},"end":{"line":225,"column":40}},"62":{"start":{"line":228,"column":4},"end":{"line":234,"column":5}},"63":{"start":{"line":229,"column":6},"end":{"line":233,"column":9}},"64":{"start":{"line":238,"column":4},"end":{"line":243,"column":5}},"65":{"start":{"line":239,"column":6},"end":{"line":239,"column":19}},"66":{"start":{"line":240,"column":6},"end":{"line":240,"column":18}},"67":{"start":{"line":242,"column":6},"end":{"line":242,"column":19}},"68":{"start":{"line":4,"column":0},"end":{"line":4,"column":13}},"69":{"start":{"line":5,"column":26},"end":{"line":5,"column":108}},"70":{"start":{"line":6,"column":26},"end":{"line":6,"column":84}},"71":{"start":{"line":7,"column":26},"end":{"line":7,"column":59}},"72":{"start":{"line":8,"column":26},"end":{"line":8,"column":42}},"73":{"start":{"line":9,"column":26},"end":{"line":9,"column":64}}},"fnMap":{"0":{"name":"(anonymous_0)","decl":{"start":{"line":11,"column":2},"end":{"line":11,"column":8}},"loc":{"start":{"line":11,"column":75},"end":{"line":182,"column":3}}},"1":{"name":"(anonymous_1)","decl":{"start":{"line":70,"column":27},"end":{"line":70,"column":28}},"loc":{"start":{"line":70,"column":43},"end":{"line":108,"column":9}}},"2":{"name":"(anonymous_2)","decl":{"start":{"line":184,"column":10},"end":{"line":184,"column":16}},"loc":{"start":{"line":184,"column":94},"end":{"line":235,"column":3}}},"3":{"name":"(anonymous_3)","decl":{"start":{"line":185,"column":35},"end":{"line":185,"column":36}},"loc":{"start":{"line":185,"column":40},"end":{"line":185,"column":61}}},"4":{"name":"(anonymous_4)","decl":{"start":{"line":197,"column":36},"end":{"line":197,"column":37}},"loc":{"start":{"line":197,"column":41},"end":{"line":197,"column":98}}},"5":{"name":"(anonymous_5)","decl":{"start":{"line":207,"column":33},"end":{"line":207,"column":34}},"loc":{"start":{"line":207,"column":38},"end":{"line":207,"column":67}}},"6":{"name":"(anonymous_6)","decl":{"start":{"line":222,"column":43},"end":{"line":222,"column":44}},"loc":{"start":{"line":223,"column":6},"end":{"line":225,"column":40}}},"7":{"name":"(anonymous_7)","decl":{"start":{"line":237,"column":10},"end":{"line":237,"column":16}},"loc":{"start":{"line":237,"column":39},"end":{"line":244,"column":3}}}},"branchMap":{"0":{"loc":{"start":{"line":17,"column":6},"end":{"line":50,"column":7}},"type":"if","locations":[{"start":{"line":17,"column":6},"end":{"line":50,"column":7}},{"start":{"line":23,"column":13},"end":{"line":50,"column":7}}]},"1":{"loc":{"start":{"line":24,"column":8},"end":{"line":31,"column":9}},"type":"if","locations":[{"start":{"line":24,"column":8},"end":{"line":31,"column":9}},{"start":{},"end":{}}]},"2":{"loc":{"start":{"line":24,"column":12},"end":{"line":24,"column":71}},"type":"binary-expr","locations":[{"start":{"line":24,"column":12},"end":{"line":24,"column":30}},{"start":{"line":24,"column":34},"end":{"line":24,"column":71}}]},"3":{"loc":{"start":{"line":33,"column":8},"end":{"line":40,"column":9}},"type":"if","locations":[{"start":{"line":33,"column":8},"end":{"line":40,"column":9}},{"start":{},"end":{}}]},"4":{"loc":{"start":{"line":33,"column":12},"end":{"line":33,"column":63}},"type":"binary-expr","locations":[{"start":{"line":33,"column":12},"end":{"line":33,"column":29}},{"start":{"line":33,"column":33},"end":{"line":33,"column":63}}]},"5":{"loc":{"start":{"line":42,"column":8},"end":{"line":49,"column":9}},"type":"if","locations":[{"start":{"line":42,"column":8},"end":{"line":49,"column":9}},{"start":{},"end":{}}]},"6":{"loc":{"start":{"line":42,"column":12},"end":{"line":42,"column":86}},"type":"binary-expr","locations":[{"start":{"line":42,"column":12},"end":{"line":42,"column":38}},{"start":{"line":42,"column":42},"end":{"line":42,"column":86}}]},"7":{"loc":{"start":{"line":53,"column":6},"end":{"line":118,"column":7}},"type":"if","locations":[{"start":{"line":53,"column":6},"end":{"line":118,"column":7}},{"start":{"line":59,"column":13},"end":{"line":118,"column":7}}]},"8":{"loc":{"start":{"line":53,"column":10},"end":{"line":53,"column":78}},"type":"binary-expr","locations":[{"start":{"line":53,"column":10},"end":{"line":53,"column":21}},{"start":{"line":53,"column":25},"end":{"line":53,"column":51}},{"start":{"line":53,"column":55},"end":{"line":53,"column":78}}]},"9":{"loc":{"start":{"line":60,"column":8},"end":{"line":67,"column":9}},"type":"if","locations":[{"start":{"line":60,"column":8},"end":{"line":67,"column":9}},{"start":{},"end":{}}]},"10":{"loc":{"start":{"line":73,"column":10},"end":{"line":79,"column":11}},"type":"if","locations":[{"start":{"line":73,"column":10},"end":{"line":79,"column":11}},{"start":{},"end":{}}]},"11":{"loc":{"start":{"line":73,"column":14},"end":{"line":73,"column":57}},"type":"binary-expr","locations":[{"start":{"line":73,"column":14},"end":{"line":73,"column":24}},{"start":{"line":73,"column":28},"end":{"line":73,"column":57}}]},"12":{"loc":{"start":{"line":81,"column":10},"end":{"line":87,"column":11}},"type":"if","locations":[{"start":{"line":81,"column":10},"end":{"line":87,"column":11}},{"start":{},"end":{}}]},"13":{"loc":{"start":{"line":81,"column":14},"end":{"line":81,"column":63}},"type":"binary-expr","locations":[{"start":{"line":81,"column":14},"end":{"line":81,"column":27}},{"start":{"line":81,"column":31},"end":{"line":81,"column":63}}]},"14":{"loc":{"start":{"line":89,"column":10},"end":{"line":96,"column":11}},"type":"if","locations":[{"start":{"line":89,"column":10},"end":{"line":96,"column":11}},{"start":{},"end":{}}]},"15":{"loc":{"start":{"line":89,"column":14},"end":{"line":89,"column":81}},"type":"binary-expr","locations":[{"start":{"line":89,"column":14},"end":{"line":89,"column":28}},{"start":{"line":89,"column":32},"end":{"line":89,"column":81}}]},"16":{"loc":{"start":{"line":98,"column":10},"end":{"line":105,"column":11}},"type":"if","locations":[{"start":{"line":98,"column":10},"end":{"line":105,"column":11}},{"start":{},"end":{}}]},"17":{"loc":{"start":{"line":98,"column":14},"end":{"line":98,"column":57}},"type":"binary-expr","locations":[{"start":{"line":98,"column":14},"end":{"line":98,"column":23}},{"start":{"line":98,"column":27},"end":{"line":98,"column":57}}]},"18":{"loc":{"start":{"line":107,"column":23},"end":{"line":107,"column":37}},"type":"binary-expr","locations":[{"start":{"line":107,"column":23},"end":{"line":107,"column":32}},{"start":{"line":107,"column":36},"end":{"line":107,"column":37}}]},"19":{"loc":{"start":{"line":110,"column":8},"end":{"line":117,"column":9}},"type":"if","locations":[{"start":{"line":110,"column":8},"end":{"line":117,"column":9}},{"start":{},"end":{}}]},"20":{"loc":{"start":{"line":121,"column":6},"end":{"line":139,"column":7}},"type":"if","locations":[{"start":{"line":121,"column":6},"end":{"line":139,"column":7}},{"start":{},"end":{}}]},"21":{"loc":{"start":{"line":122,"column":8},"end":{"line":129,"column":9}},"type":"if","locations":[{"start":{"line":122,"column":8},"end":{"line":129,"column":9}},{"start":{},"end":{}}]},"22":{"loc":{"start":{"line":131,"column":8},"end":{"line":138,"column":9}},"type":"if","locations":[{"start":{"line":131,"column":8},"end":{"line":138,"column":9}},{"start":{},"end":{}}]},"23":{"loc":{"start":{"line":142,"column":6},"end":{"line":156,"column":7}},"type":"if","locations":[{"start":{"line":142,"column":6},"end":{"line":156,"column":7}},{"start":{},"end":{}}]},"24":{"loc":{"start":{"line":143,"column":8},"end":{"line":150,"column":9}},"type":"if","locations":[{"start":{"line":143,"column":8},"end":{"line":150,"column":9}},{"start":{},"end":{}}]},"25":{"loc":{"start":{"line":143,"column":12},"end":{"line":143,"column":99}},"type":"binary-expr","locations":[{"start":{"line":143,"column":12},"end":{"line":143,"column":35}},{"start":{"line":143,"column":39},"end":{"line":143,"column":99}}]},"26":{"loc":{"start":{"line":153,"column":8},"end":{"line":155,"column":9}},"type":"if","locations":[{"start":{"line":153,"column":8},"end":{"line":155,"column":9}},{"start":{},"end":{}}]},"27":{"loc":{"start":{"line":158,"column":6},"end":{"line":169,"column":7}},"type":"if","locations":[{"start":{"line":158,"column":6},"end":{"line":169,"column":7}},{"start":{},"end":{}}]},"28":{"loc":{"start":{"line":164,"column":23},"end":{"line":164,"column":73}},"type":"binary-expr","locations":[{"start":{"line":164,"column":23},"end":{"line":164,"column":60}},{"start":{"line":164,"column":64},"end":{"line":164,"column":73}}]},"29":{"loc":{"start":{"line":178,"column":21},"end":{"line":178,"column":71}},"type":"binary-expr","locations":[{"start":{"line":178,"column":21},"end":{"line":178,"column":58}},{"start":{"line":178,"column":62},"end":{"line":178,"column":71}}]},"30":{"loc":{"start":{"line":187,"column":4},"end":{"line":194,"column":5}},"type":"if","locations":[{"start":{"line":187,"column":4},"end":{"line":194,"column":5}},{"start":{},"end":{}}]},"31":{"loc":{"start":{"line":197,"column":41},"end":{"line":197,"column":98}},"type":"binary-expr","locations":[{"start":{"line":197,"column":41},"end":{"line":197,"column":64}},{"start":{"line":197,"column":68},"end":{"line":197,"column":98}}]},"32":{"loc":{"start":{"line":198,"column":4},"end":{"line":204,"column":5}},"type":"if","locations":[{"start":{"line":198,"column":4},"end":{"line":204,"column":5}},{"start":{},"end":{}}]},"33":{"loc":{"start":{"line":208,"column":4},"end":{"line":219,"column":5}},"type":"if","locations":[{"start":{"line":208,"column":4},"end":{"line":219,"column":5}},{"start":{},"end":{}}]},"34":{"loc":{"start":{"line":210,"column":28},"end":{"line":210,"column":94}},"type":"binary-expr","locations":[{"start":{"line":210,"column":28},"end":{"line":210,"column":59}},{"start":{"line":210,"column":63},"end":{"line":210,"column":94}}]},"35":{"loc":{"start":{"line":212,"column":6},"end":{"line":218,"column":7}},"type":"if","locations":[{"start":{"line":212,"column":6},"end":{"line":218,"column":7}},{"start":{},"end":{}}]},"36":{"loc":{"start":{"line":223,"column":6},"end":{"line":225,"column":40}},"type":"binary-expr","locations":[{"start":{"line":223,"column":6},"end":{"line":223,"column":43}},{"start":{"line":224,"column":6},"end":{"line":224,"column":49}},{"start":{"line":225,"column":6},"end":{"line":225,"column":40}}]},"37":{"loc":{"start":{"line":228,"column":4},"end":{"line":234,"column":5}},"type":"if","locations":[{"start":{"line":228,"column":4},"end":{"line":234,"column":5}},{"start":{},"end":{}}]}},"s":{"0":0,"1":0,"2":0,"3":0,"4":0,"5":0,"6":0,"7":0,"8":0,"9":0,"10":0,"11":0,"12":0,"13":0,"14":0,"15":0,"16":0,"17":0,"18":0,"19":0,"20":0,"21":0,"22":0,"23":0,"24":0,"25":0,"26":0,"27":0,"28":0,"29":0,"30":0,"31":0,"32":0,"33":0,"34":0,"35":0,"36":0,"37":0,"38":0,"39":0,"40":0,"41":0,"42":0,"43":0,"44":0,"45":0,"46":0,"47":0,"48":0,"49":0,"50":0,"51":0,"52":0,"53":0,"54":0,"55":0,"56":0,"57":0,"58":0,"59":0,"60":0,"61":0,"62":0,"63":0,"64":0,"65":0,"66":0,"67":0,"68":0,"69":0,"70":0,"71":0,"72":0,"73":0},"f":{"0":0,"1":0,"2":0,"3":0,"4":0,"5":0,"6":0,"7":0},"b":{"0":[0,0],"1":[0,0],"2":[0,0],"3":[0,0],"4":[0,0],"5":[0,0],"6":[0,0],"7":[0,0],"8":[0,0,0],"9":[0,0],"10":[0,0],"11":[0,0],"12":[0,0],"13":[0,0],"14":[0,0],"15":[0,0],"16":[0,0],"17":[0,0],"18":[0,0],"19":[0,0],"20":[0,0],"21":[0,0],"22":[0,0],"23":[0,0],"24":[0,0],"25":[0,0],"26":[0,0],"27":[0,0],"28":[0,0],"29":[0,0],"30":[0,0],"31":[0,0],"32":[0,0],"33":[0,0],"34":[0,0],"35":[0,0],"36":[0,0,0],"37":[0,0]}}
}
