TN:
SF:src\app.controller.ts
FN:12,(anonymous_2)
FN:27,(anonymous_3)
FNF:2
FNH:0
FNDA:0,(anonymous_2)
FNDA:0,(anonymous_3)
DA:1,0
DA:2,0
DA:5,0
DA:12,0
DA:13,0
DA:27,0
DA:28,0
LF:7
LH:0
BRF:0
BRH:0
end_of_record
TN:
SF:src\app.module.ts
FNF:0
FNH:0
DA:1,0
DA:2,0
DA:3,0
DA:4,0
DA:5,0
DA:6,0
DA:7,0
DA:8,0
DA:9,0
DA:10,0
DA:11,0
DA:12,0
DA:13,0
DA:62,0
LF:14
LH:0
BRF:0
BRH:0
end_of_record
TN:
SF:src\index.ts
FN:6,(anonymous_0)
FNF:1
FNH:0
FNDA:0,(anonymous_0)
DA:1,0
DA:3,0
DA:4,0
DA:6,0
LF:4
LH:0
BRDA:3,0,0,0
BRDA:3,0,1,0
BRF:2
BRH:0
end_of_record
TN:
SF:src\main.ts
FN:5,bootstrap
FNF:1
FNH:0
FNDA:0,bootstrap
DA:1,0
DA:2,0
DA:3,0
DA:6,0
DA:10,0
DA:15,0
DA:16,0
DA:17,0
DA:18,0
DA:21,0
LF:10
LH:0
BRDA:15,0,0,0
BRDA:15,0,1,0
BRF:2
BRH:0
end_of_record
TN:
SF:src\scan.ts
FN:3,performScan
FN:15,sleep
FN:16,(anonymous_2)
FNF:3
FNH:0
FNDA:0,performScan
FNDA:0,sleep
FNDA:0,(anonymous_2)
DA:3,0
DA:4,0
DA:5,0
DA:6,0
DA:7,0
DA:8,0
DA:9,0
DA:10,0
DA:11,0
DA:12,0
DA:16,0
LF:11
LH:0
BRDA:10,0,0,0
BRDA:10,0,1,0
BRF:2
BRH:0
end_of_record
TN:
SF:src\server.ts
FN:6,createServer
FN:14,(anonymous_1)
FN:28,(anonymous_2)
FN:38,(anonymous_3)
FN:55,(anonymous_4)
FN:62,(anonymous_5)
FN:74,(anonymous_6)
FNF:7
FNH:0
FNDA:0,createServer
FNDA:0,(anonymous_1)
FNDA:0,(anonymous_2)
FNDA:0,(anonymous_3)
FNDA:0,(anonymous_4)
FNDA:0,(anonymous_5)
FNDA:0,(anonymous_6)
DA:1,0
DA:3,0
DA:4,0
DA:6,0
DA:7,0
DA:10,0
DA:11,0
DA:14,0
DA:15,0
DA:16,0
DA:17,0
DA:18,0
DA:20,0
DA:21,0
DA:22,0
DA:24,0
DA:28,0
DA:29,0
DA:38,0
DA:39,0
DA:55,0
DA:56,0
DA:57,0
DA:58,0
DA:59,0
DA:62,0
DA:63,0
DA:64,0
DA:65,0
DA:66,0
DA:67,0
DA:69,0
DA:70,0
DA:71,0
DA:74,0
DA:75,0
DA:76,0
DA:77,0
DA:78,0
DA:79,0
DA:81,0
DA:82,0
DA:83,0
DA:84,0
DA:86,0
DA:87,0
DA:91,0
DA:94,0
DA:95,0
DA:97,0
LF:50
LH:0
BRDA:20,0,0,0
BRDA:20,0,1,0
BRDA:32,1,0,0
BRDA:32,1,1,0
BRDA:56,2,0,0
BRDA:56,2,1,0
BRDA:57,3,0,0
BRDA:57,3,1,0
BRDA:65,4,0,0
BRDA:65,4,1,0
BRDA:70,5,0,0
BRDA:70,5,1,0
BRDA:77,6,0,0
BRDA:77,6,1,0
BRDA:82,7,0,0
BRDA:82,7,1,0
BRF:16
BRH:0
end_of_record
TN:
SF:src\auth\auth.module.ts
FN:14,(anonymous_1)
FNF:1
FNH:1
FNDA:14,(anonymous_1)
DA:1,1
DA:2,1
DA:3,1
DA:4,1
DA:5,1
DA:6,1
DA:7,1
DA:14,14
DA:27,1
LF:9
LH:9
BRF:0
BRH:0
end_of_record
TN:
SF:src\auth\index.ts
FN:1,(anonymous_4)
FNF:1
FNH:0
FNDA:0,(anonymous_4)
DA:1,0
DA:2,0
DA:3,0
DA:4,0
LF:4
LH:0
BRF:0
BRH:0
end_of_record
TN:
SF:src\auth\__tests__\index.ts
FNF:0
FNH:0
DA:2,0
DA:3,0
DA:4,0
DA:5,0
DA:6,0
LF:5
LH:0
BRF:0
BRH:0
end_of_record
TN:
SF:src\auth\decorators\current-user.decorator.ts
FN:21,(anonymous_0)
FNF:1
FNH:0
FNDA:0,(anonymous_0)
DA:1,1
DA:20,1
DA:22,0
DA:23,0
DA:25,0
DA:26,0
DA:29,0
LF:7
LH:2
BRDA:25,0,0,0
BRDA:25,0,1,0
BRDA:29,1,0,0
BRDA:29,1,1,0
BRF:4
BRH:0
end_of_record
TN:
SF:src\auth\decorators\index.ts
FN:1,(anonymous_0)
FN:1,(anonymous_1)
FN:2,(anonymous_2)
FN:2,(anonymous_3)
FN:2,(anonymous_4)
FN:3,(anonymous_5)
FNF:6
FNH:5
FNDA:1,(anonymous_0)
FNDA:1,(anonymous_1)
FNDA:1,(anonymous_2)
FNDA:8,(anonymous_3)
FNDA:1,(anonymous_4)
FNDA:0,(anonymous_5)
DA:1,2
DA:2,9
DA:3,1
LF:3
LH:3
BRF:0
BRH:0
end_of_record
TN:
SF:src\auth\decorators\public.decorator.ts
FN:16,(anonymous_0)
FNF:1
FNH:0
FNDA:0,(anonymous_0)
DA:1,3
DA:3,3
DA:16,3
LF:3
LH:3
BRF:0
BRH:0
end_of_record
TN:
SF:src\auth\decorators\roles.decorator.ts
FN:18,(anonymous_0)
FNF:1
FNH:0
FNDA:0,(anonymous_0)
DA:1,3
DA:3,3
DA:18,3
DA:23,3
LF:4
LH:4
BRF:0
BRH:0
end_of_record
TN:
SF:src\auth\guards\index.ts
FN:1,(anonymous_0)
FN:2,(anonymous_1)
FNF:2
FNH:0
FNDA:0,(anonymous_0)
FNDA:0,(anonymous_1)
DA:1,0
DA:2,0
LF:2
LH:0
BRF:0
BRH:0
end_of_record
TN:
SF:src\auth\guards\jwt-auth.guard.ts
FN:12,(anonymous_2)
FN:16,(anonymous_3)
FN:31,(anonymous_4)
FNF:3
FNH:3
FNDA:23,(anonymous_2)
FNDA:1,(anonymous_3)
FNDA:8,(anonymous_4)
DA:1,2
DA:6,2
DA:7,2
DA:8,2
DA:11,2
DA:12,23
DA:13,23
DA:18,1
DA:23,1
DA:24,1
DA:28,0
DA:33,8
DA:34,7
DA:36,7
DA:37,1
DA:38,6
DA:39,1
DA:40,5
DA:41,1
DA:44,7
DA:51,1
LF:21
LH:20
BRDA:23,0,0,1
BRDA:23,0,1,0
BRDA:33,1,0,7
BRDA:33,1,1,1
BRDA:33,2,0,8
BRDA:33,2,1,7
BRDA:36,3,0,1
BRDA:36,3,1,6
BRDA:38,4,0,1
BRDA:38,4,1,5
BRDA:40,5,0,1
BRDA:40,5,1,4
BRF:12
BRH:11
end_of_record
TN:
SF:src\auth\guards\roles.guard.ts
FN:13,(anonymous_2)
FN:15,(anonymous_3)
FN:39,(anonymous_4)
FNF:3
FNH:3
FNDA:25,(anonymous_2)
FNDA:13,(anonymous_3)
FNDA:11,(anonymous_4)
DA:1,2
DA:7,2
DA:8,2
DA:12,2
DA:13,25
DA:16,13
DA:22,13
DA:23,3
DA:26,10
DA:28,10
DA:29,2
DA:36,8
DA:39,11
DA:41,8
DA:42,6
DA:49,2
LF:16
LH:16
BRDA:22,0,0,3
BRDA:22,0,1,10
BRDA:22,1,0,13
BRDA:22,1,1,12
BRDA:28,2,0,2
BRDA:28,2,1,8
BRDA:36,3,0,8
BRDA:36,3,1,1
BRDA:41,4,0,6
BRDA:41,4,1,2
BRF:10
BRH:10
end_of_record
TN:
SF:src\auth\strategies\index.ts
FN:1,(anonymous_0)
FNF:1
FNH:0
FNDA:0,(anonymous_0)
DA:1,0
LF:1
LH:0
BRF:0
BRH:0
end_of_record
TN:
SF:src\auth\strategies\jwt.strategy.ts
FN:25,(anonymous_2)
FN:41,(anonymous_3)
FNF:2
FNH:2
FNDA:26,(anonymous_2)
FNDA:8,(anonymous_3)
DA:1,2
DA:2,2
DA:3,2
DA:4,2
DA:24,2
DA:25,24
DA:26,26
DA:27,26
DA:28,2
DA:31,24
DA:43,8
DA:44,1
DA:47,7
DA:48,1
DA:51,6
DA:52,1
DA:55,5
DA:56,1
DA:60,4
DA:61,4
DA:62,2
DA:66,2
LF:22
LH:22
BRDA:27,0,0,2
BRDA:27,0,1,24
BRDA:43,1,0,1
BRDA:43,1,1,7
BRDA:47,2,0,1
BRDA:47,2,1,6
BRDA:51,3,0,1
BRDA:51,3,1,5
BRDA:55,4,0,1
BRDA:55,4,1,4
BRDA:61,5,0,2
BRDA:61,5,1,2
BRDA:68,6,0,2
BRDA:68,6,1,1
BRDA:69,7,0,2
BRDA:69,7,1,1
BRF:16
BRH:16
end_of_record
TN:
SF:src\controllers\analysis.controller.ts
FN:13,(anonymous_0)
FN:15,(anonymous_1)
FN:55,(anonymous_2)
FN:109,(anonymous_3)
FN:175,(anonymous_4)
FN:232,(anonymous_5)
FN:233,(anonymous_6)
FN:239,(anonymous_7)
FN:241,(anonymous_8)
FN:242,(anonymous_9)
FN:260,(anonymous_10)
FN:276,(anonymous_11)
FNF:12
FNH:0
FNDA:0,(anonymous_0)
FNDA:0,(anonymous_1)
FNDA:0,(anonymous_2)
FNDA:0,(anonymous_3)
FNDA:0,(anonymous_4)
FNDA:0,(anonymous_5)
FNDA:0,(anonymous_6)
FNDA:0,(anonymous_7)
FNDA:0,(anonymous_8)
FNDA:0,(anonymous_9)
FNDA:0,(anonymous_10)
FNDA:0,(anonymous_11)
DA:12,0
DA:13,0
DA:16,0
DA:17,0
DA:20,0
DA:23,0
DA:39,0
DA:48,0
DA:50,0
DA:51,0
DA:56,0
DA:57,0
DA:59,0
DA:60,0
DA:68,0
DA:71,0
DA:73,0
DA:74,0
DA:82,0
DA:85,0
DA:86,0
DA:88,0
DA:102,0
DA:104,0
DA:105,0
DA:110,0
DA:111,0
DA:113,0
DA:114,0
DA:122,0
DA:125,0
DA:127,0
DA:128,0
DA:136,0
DA:139,0
DA:141,0
DA:142,0
DA:150,0
DA:151,0
DA:154,0
DA:156,0
DA:157,0
DA:165,0
DA:168,0
DA:170,0
DA:171,0
DA:176,0
DA:177,0
DA:179,0
DA:180,0
DA:188,0
DA:191,0
DA:193,0
DA:194,0
DA:202,0
DA:205,0
DA:207,0
DA:208,0
DA:216,0
DA:219,0
DA:221,0
DA:227,0
DA:228,0
DA:233,0
DA:234,0
DA:236,0
DA:240,0
DA:241,0
DA:242,0
DA:245,0
DA:248,0
DA:251,0
DA:254,0
DA:257,0
DA:261,0
DA:264,0
DA:266,0
DA:268,0
DA:270,0
DA:272,0
DA:277,0
DA:287,0
LF:82
LH:0
BRDA:27,0,0,0
BRDA:27,0,1,0
BRDA:31,1,0,0
BRDA:31,1,1,0
BRDA:36,2,0,0
BRDA:36,2,1,0
BRDA:59,3,0,0
BRDA:59,3,1,0
BRDA:65,4,0,0
BRDA:65,4,1,0
BRDA:73,5,0,0
BRDA:73,5,1,0
BRDA:79,6,0,0
BRDA:79,6,1,0
BRDA:86,7,0,0
BRDA:86,7,1,0
BRDA:91,8,0,0
BRDA:91,8,1,0
BRDA:94,9,0,0
BRDA:94,9,1,0
BRDA:95,10,0,0
BRDA:95,10,1,0
BRDA:113,11,0,0
BRDA:113,11,1,0
BRDA:119,12,0,0
BRDA:119,12,1,0
BRDA:127,13,0,0
BRDA:127,13,1,0
BRDA:133,14,0,0
BRDA:133,14,1,0
BRDA:141,15,0,0
BRDA:141,15,1,0
BRDA:145,16,0,0
BRDA:145,16,1,0
BRDA:147,17,0,0
BRDA:147,17,1,0
BRDA:156,18,0,0
BRDA:156,18,1,0
BRDA:162,19,0,0
BRDA:162,19,1,0
BRDA:179,20,0,0
BRDA:179,20,1,0
BRDA:185,21,0,0
BRDA:185,21,1,0
BRDA:193,22,0,0
BRDA:193,22,1,0
BRDA:199,23,0,0
BRDA:199,23,1,0
BRDA:207,24,0,0
BRDA:207,24,1,0
BRDA:213,25,0,0
BRDA:213,25,1,0
BRDA:233,26,0,0
BRDA:233,26,1,0
BRDA:236,27,0,0
BRDA:236,27,1,0
BRDA:236,27,2,0
BRDA:261,28,0,0
BRDA:261,28,1,0
BRDA:261,28,2,0
BRDA:261,28,3,0
BRDA:261,28,4,0
BRDA:261,28,5,0
BRDA:281,29,0,0
BRDA:281,29,1,0
BRDA:283,30,0,0
BRDA:283,30,1,0
BRF:67
BRH:0
end_of_record
TN:
SF:src\controllers\cross-chain-gas.controller.ts
FN:15,(anonymous_4)
FN:36,(anonymous_5)
FN:59,(anonymous_6)
FN:77,(anonymous_7)
FN:106,(anonymous_8)
FNF:5
FNH:0
FNDA:0,(anonymous_4)
FNDA:0,(anonymous_5)
FNDA:0,(anonymous_6)
FNDA:0,(anonymous_7)
FNDA:0,(anonymous_8)
DA:1,0
DA:2,0
DA:3,0
DA:9,0
DA:14,0
DA:15,0
DA:36,0
DA:39,0
DA:40,0
DA:43,0
DA:47,0
DA:59,0
DA:60,0
DA:77,0
DA:78,0
DA:79,0
DA:106,0
DA:110,0
DA:111,0
DA:114,0
LF:20
LH:0
BRDA:39,0,0,0
BRDA:39,0,1,0
BRDA:110,1,0,0
BRDA:110,1,1,0
BRDA:110,2,0,0
BRDA:110,2,1,0
BRF:6
BRH:0
end_of_record
TN:
SF:src\controllers\failed-transaction.controller.ts
FN:29,(anonymous_4)
FN:44,(anonymous_5)
FN:83,(anonymous_6)
FN:93,(anonymous_7)
FN:93,(anonymous_8)
FN:124,(anonymous_9)
FN:156,(anonymous_10)
FN:207,(anonymous_11)
FN:247,(anonymous_12)
FNF:9
FNH:0
FNDA:0,(anonymous_4)
FNDA:0,(anonymous_5)
FNDA:0,(anonymous_6)
FNDA:0,(anonymous_7)
FNDA:0,(anonymous_8)
FNDA:0,(anonymous_9)
FNDA:0,(anonymous_10)
FNDA:0,(anonymous_11)
FNDA:0,(anonymous_12)
DA:1,0
DA:13,0
DA:20,0
DA:21,0
DA:26,0
DA:27,0
DA:29,0
DA:44,0
DA:47,0
DA:48,0
DA:50,0
DA:51,0
DA:54,0
DA:56,0
DA:57,0
DA:83,0
DA:87,0
DA:88,0
DA:89,0
DA:92,0
DA:93,0
DA:96,0
DA:98,0
DA:99,0
DA:124,0
DA:128,0
DA:129,0
DA:130,0
DA:133,0
DA:135,0
DA:136,0
DA:156,0
DA:159,0
DA:161,0
DA:162,0
DA:168,0
DA:169,0
DA:172,0
DA:173,0
DA:176,0
DA:178,0
DA:180,0
DA:181,0
DA:207,0
DA:211,0
DA:212,0
DA:213,0
DA:214,0
DA:219,0
DA:229,0
DA:230,0
DA:247,0
DA:248,0
LF:53
LH:0
BRDA:50,0,0,0
BRDA:50,0,1,0
BRDA:50,1,0,0
BRDA:50,1,1,0
BRDA:88,2,0,0
BRDA:88,2,1,0
BRDA:92,3,0,0
BRDA:92,3,1,0
BRDA:129,4,0,0
BRDA:129,4,1,0
BRDA:161,5,0,0
BRDA:161,5,1,0
BRDA:161,6,0,0
BRDA:161,6,1,0
BRDA:161,6,2,0
BRDA:168,7,0,0
BRDA:168,7,1,0
BRDA:172,8,0,0
BRDA:172,8,1,0
BRDA:213,9,0,0
BRDA:213,9,1,0
BRDA:221,10,0,0
BRDA:221,10,1,0
BRF:23
BRH:0
end_of_record
TN:
SF:src\example\example.controller.ts
FN:14,(anonymous_2)
FNF:1
FNH:0
FNDA:0,(anonymous_2)
DA:1,0
DA:12,0
DA:14,0
DA:15,0
LF:4
LH:0
BRF:0
BRH:0
end_of_record
TN:
SF:src\middleware\error.middleware.ts
FN:10,errorHandler
FN:49,notFoundHandler
FN:60,requestIdHandler
FN:66,rateLimitHandler
FNF:4
FNH:0
FNDA:0,errorHandler
FNDA:0,notFoundHandler
FNDA:0,requestIdHandler
FNDA:0,rateLimitHandler
DA:10,0
DA:16,0
DA:25,0
DA:26,0
DA:28,0
DA:39,0
DA:40,0
DA:46,0
DA:49,0
DA:50,0
DA:60,0
DA:61,0
DA:63,0
DA:66,0
DA:67,0
LF:15
LH:0
BRDA:25,0,0,0
BRDA:25,0,1,0
BRDA:26,1,0,0
BRDA:26,1,1,0
BRDA:31,2,0,0
BRDA:31,2,1,0
BRDA:34,3,0,0
BRDA:34,3,1,0
BRDA:39,4,0,0
BRDA:39,4,1,0
BRDA:55,5,0,0
BRDA:55,5,1,0
BRDA:61,6,0,0
BRDA:61,6,1,0
BRDA:72,7,0,0
BRDA:72,7,1,0
BRF:16
BRH:0
end_of_record
TN:
SF:src\routes\analysis.routes.ts
FN:5,createAnalysisRoutes
FN:12,(anonymous_1)
FN:17,(anonymous_2)
FN:22,(anonymous_3)
FN:27,(anonymous_4)
FNF:5
FNH:0
FNDA:0,createAnalysisRoutes
FNDA:0,(anonymous_1)
FNDA:0,(anonymous_2)
FNDA:0,(anonymous_3)
FNDA:0,(anonymous_4)
DA:1,0
DA:2,0
DA:3,0
DA:5,0
DA:6,0
DA:7,0
DA:10,0
DA:12,0
DA:16,0
DA:17,0
DA:21,0
DA:22,0
DA:26,0
DA:27,0
DA:30,0
LF:15
LH:0
BRF:0
BRH:0
end_of_record
TN:
SF:src\services\cross-chain-gas.service.ts
FN:12,(anonymous_1)
FN:65,(anonymous_2)
FN:67,(anonymous_3)
FN:70,(anonymous_4)
FN:83,(anonymous_5)
FN:106,(anonymous_6)
FN:126,(anonymous_7)
FN:127,(anonymous_8)
FN:129,(anonymous_9)
FN:139,(anonymous_10)
FN:140,(anonymous_11)
FN:144,(anonymous_12)
FN:145,(anonymous_13)
FN:157,(anonymous_14)
FN:161,(anonymous_15)
FN:166,(anonymous_16)
FNF:16
FNH:0
FNDA:0,(anonymous_1)
FNDA:0,(anonymous_2)
FNDA:0,(anonymous_3)
FNDA:0,(anonymous_4)
FNDA:0,(anonymous_5)
FNDA:0,(anonymous_6)
FNDA:0,(anonymous_7)
FNDA:0,(anonymous_8)
FNDA:0,(anonymous_9)
FNDA:0,(anonymous_10)
FNDA:0,(anonymous_11)
FNDA:0,(anonymous_12)
FNDA:0,(anonymous_13)
FNDA:0,(anonymous_14)
FNDA:0,(anonymous_15)
FNDA:0,(anonymous_16)
DA:1,0
DA:12,0
DA:13,0
DA:51,0
DA:57,0
DA:66,0
DA:67,0
DA:70,0
DA:71,0
DA:74,0
DA:76,0
DA:85,0
DA:93,0
DA:95,0
DA:107,0
DA:108,0
DA:109,0
DA:110,0
DA:112,0
DA:113,0
DA:114,0
DA:116,0
DA:127,0
DA:129,0
DA:140,0
DA:141,0
DA:145,0
DA:146,0
DA:148,0
DA:149,0
DA:150,0
DA:151,0
DA:153,0
DA:158,0
DA:163,0
DA:168,0
LF:36
LH:0
BRDA:18,0,0,0
BRDA:18,0,1,0
BRDA:25,1,0,0
BRDA:25,1,1,0
BRDA:32,2,0,0
BRDA:32,2,1,0
BRDA:39,3,0,0
BRDA:39,3,1,0
BRDA:46,4,0,0
BRDA:46,4,1,0
BRDA:93,5,0,0
BRDA:93,5,1,0
BRDA:101,6,0,0
BRDA:101,6,1,0
BRDA:108,7,0,0
BRDA:108,7,1,0
BRDA:109,8,0,0
BRDA:109,8,1,0
BRDA:141,9,0,0
BRDA:141,9,1,0
BRDA:146,10,0,0
BRDA:146,10,1,0
BRDA:148,11,0,0
BRDA:148,11,1,0
BRDA:150,12,0,0
BRDA:150,12,1,0
BRDA:166,13,0,0
BRF:27
BRH:0
end_of_record
TN:
SF:src\services\failed-transaction.service.ts
FN:11,(anonymous_1)
FN:18,(anonymous_2)
FN:51,(anonymous_3)
FN:55,(anonymous_4)
FN:64,(anonymous_5)
FN:104,(anonymous_6)
FN:120,(anonymous_7)
FN:180,(anonymous_8)
FN:194,(anonymous_9)
FN:199,(anonymous_10)
FN:222,(anonymous_11)
FN:223,(anonymous_12)
FN:232,(anonymous_13)
FN:237,(anonymous_14)
FN:254,(anonymous_15)
FN:258,(anonymous_16)
FN:264,(anonymous_17)
FN:270,(anonymous_18)
FN:282,(anonymous_19)
FN:289,(anonymous_20)
FN:310,(anonymous_21)
FNF:21
FNH:0
FNDA:0,(anonymous_1)
FNDA:0,(anonymous_2)
FNDA:0,(anonymous_3)
FNDA:0,(anonymous_4)
FNDA:0,(anonymous_5)
FNDA:0,(anonymous_6)
FNDA:0,(anonymous_7)
FNDA:0,(anonymous_8)
FNDA:0,(anonymous_9)
FNDA:0,(anonymous_10)
FNDA:0,(anonymous_11)
FNDA:0,(anonymous_12)
FNDA:0,(anonymous_13)
FNDA:0,(anonymous_14)
FNDA:0,(anonymous_15)
FNDA:0,(anonymous_16)
FNDA:0,(anonymous_17)
FNDA:0,(anonymous_18)
FNDA:0,(anonymous_19)
FNDA:0,(anonymous_20)
FNDA:0,(anonymous_21)
DA:1,0
DA:11,0
DA:12,0
DA:13,0
DA:19,0
DA:20,0
DA:22,0
DA:38,0
DA:41,0
DA:42,0
DA:43,0
DA:45,0
DA:52,0
DA:54,0
DA:55,0
DA:58,0
DA:65,0
DA:68,0
DA:69,0
DA:73,0
DA:74,0
DA:75,0
DA:76,0
DA:81,0
DA:82,0
DA:84,0
DA:85,0
DA:88,0
DA:89,0
DA:92,0
DA:93,0
DA:96,0
DA:97,0
DA:102,0
DA:103,0
DA:104,0
DA:105,0
DA:109,0
DA:110,0
DA:114,0
DA:124,0
DA:125,0
DA:127,0
DA:129,0
DA:130,0
DA:131,0
DA:136,0
DA:139,0
DA:140,0
DA:141,0
DA:142,0
DA:143,0
DA:144,0
DA:150,0
DA:153,0
DA:154,0
DA:155,0
DA:158,0
DA:159,0
DA:160,0
DA:163,0
DA:164,0
DA:165,0
DA:166,0
DA:169,0
DA:181,0
DA:183,0
DA:184,0
DA:185,0
DA:188,0
DA:194,0
DA:195,0
DA:199,0
DA:200,0
DA:201,0
DA:204,0
DA:209,0
DA:210,0
DA:212,0
DA:218,0
DA:219,0
DA:221,0
DA:222,0
DA:224,0
DA:225,0
DA:226,0
DA:227,0
DA:228,0
DA:231,0
DA:232,0
DA:237,0
DA:239,0
DA:255,0
DA:259,0
DA:260,0
DA:261,0
DA:265,0
DA:266,0
DA:267,0
DA:272,0
DA:279,0
DA:283,0
DA:284,0
DA:285,0
DA:286,0
DA:291,0
DA:303,0
DA:304,0
DA:305,0
DA:307,0
DA:312,0
DA:313,0
DA:314,0
LF:113
LH:0
BRDA:28,0,0,0
BRDA:28,0,1,0
BRDA:29,1,0,0
BRDA:29,1,1,0
BRDA:32,2,0,0
BRDA:32,2,1,0
BRDA:33,3,0,0
BRDA:33,3,1,0
BRDA:41,4,0,0
BRDA:41,4,1,0
BRDA:52,5,0,0
BRDA:52,5,1,0
BRDA:54,6,0,0
BRDA:54,6,1,0
BRDA:54,7,0,0
BRDA:54,7,1,0
BRDA:68,8,0,0
BRDA:68,8,1,0
BRDA:68,9,0,0
BRDA:68,9,1,0
BRDA:73,10,0,0
BRDA:73,10,1,0
BRDA:73,11,0,0
BRDA:73,11,1,0
BRDA:75,12,0,0
BRDA:75,12,1,0
BRDA:81,13,0,0
BRDA:81,13,1,0
BRDA:84,14,0,0
BRDA:84,14,1,0
BRDA:84,15,0,0
BRDA:84,15,1,0
BRDA:88,16,0,0
BRDA:88,16,1,0
BRDA:88,17,0,0
BRDA:88,17,1,0
BRDA:92,18,0,0
BRDA:92,18,1,0
BRDA:92,19,0,0
BRDA:92,19,1,0
BRDA:96,20,0,0
BRDA:96,20,1,0
BRDA:96,21,0,0
BRDA:96,21,1,0
BRDA:102,22,0,0
BRDA:102,22,1,0
BRDA:103,23,0,0
BRDA:103,23,1,0
BRDA:105,24,0,0
BRDA:105,24,1,0
BRDA:109,25,0,0
BRDA:109,25,1,0
BRDA:127,26,0,0
BRDA:127,26,1,0
BRDA:127,26,2,0
BRDA:127,26,3,0
BRDA:127,26,4,0
BRDA:141,27,0,0
BRDA:141,27,1,0
BRDA:141,28,0,0
BRDA:141,28,1,0
BRDA:209,29,0,0
BRDA:209,29,1,0
BRDA:225,30,0,0
BRDA:225,30,1,0
BRDA:242,31,0,0
BRDA:242,31,1,0
BRDA:259,32,0,0
BRDA:259,32,1,0
BRDA:260,33,0,0
BRDA:260,33,1,0
BRDA:279,34,0,0
BRDA:279,34,1,0
BRDA:304,35,0,0
BRDA:304,35,1,0
BRDA:305,36,0,0
BRDA:305,36,1,0
BRF:77
BRH:0
end_of_record
TN:
SF:src\services\mitigation.service.ts
FN:14,(anonymous_1)
FN:29,(anonymous_2)
FN:36,(anonymous_3)
FN:153,(anonymous_4)
FN:189,(anonymous_5)
FN:242,(anonymous_6)
FN:298,(anonymous_7)
FN:303,(anonymous_8)
FN:319,(anonymous_9)
FNF:9
FNH:0
FNDA:0,(anonymous_1)
FNDA:0,(anonymous_2)
FNDA:0,(anonymous_3)
FNDA:0,(anonymous_4)
FNDA:0,(anonymous_5)
FNDA:0,(anonymous_6)
FNDA:0,(anonymous_7)
FNDA:0,(anonymous_8)
FNDA:0,(anonymous_9)
DA:1,0
DA:10,0
DA:15,0
DA:18,0
DA:19,0
DA:22,0
DA:25,0
DA:28,0
DA:29,0
DA:40,0
DA:42,0
DA:44,0
DA:57,0
DA:66,0
DA:69,0
DA:82,0
DA:91,0
DA:94,0
DA:107,0
DA:116,0
DA:119,0
DA:132,0
DA:135,0
DA:144,0
DA:147,0
DA:154,0
DA:157,0
DA:158,0
DA:170,0
DA:171,0
DA:172,0
DA:183,0
DA:190,0
DA:192,0
DA:193,0
DA:195,0
DA:196,0
DA:198,0
DA:207,0
DA:210,0
DA:219,0
DA:222,0
DA:231,0
DA:236,0
DA:243,0
DA:245,0
DA:247,0
DA:248,0
DA:261,0
DA:264,0
DA:265,0
DA:277,0
DA:280,0
DA:289,0
DA:292,0
DA:299,0
DA:300,0
DA:305,0
DA:313,0
DA:314,0
DA:316,0
DA:320,0
DA:321,0
DA:324,0
DA:326,0
DA:328,0
DA:329,0
DA:331,0
DA:334,0
LF:69
LH:0
BRDA:42,0,0,0
BRDA:42,0,1,0
BRDA:42,0,2,0
BRDA:42,0,3,0
BRDA:42,0,4,0
BRDA:157,1,0,0
BRDA:157,1,1,0
BRDA:171,2,0,0
BRDA:171,2,1,0
BRDA:195,3,0,0
BRDA:195,3,1,0
BRDA:196,4,0,0
BRDA:196,4,1,0
BRDA:196,4,2,0
BRDA:245,5,0,0
BRDA:245,5,1,0
BRDA:245,5,2,0
BRDA:300,6,0,0
BRDA:300,6,1,0
BRDA:313,7,0,0
BRDA:313,7,1,0
BRDA:326,8,0,0
BRDA:326,8,1,0
BRDA:329,9,0,0
BRDA:329,9,1,0
BRF:25
BRH:0
end_of_record
TN:
SF:src\services\transaction-analysis.service.ts
FN:15,(anonymous_2)
FN:23,(anonymous_3)
FN:85,(anonymous_4)
FN:90,(anonymous_5)
FN:91,(anonymous_6)
FN:109,(anonymous_7)
FN:113,(anonymous_8)
FN:117,(anonymous_9)
FN:140,(anonymous_10)
FN:147,(anonymous_11)
FN:150,(anonymous_12)
FN:159,(anonymous_13)
FN:162,(anonymous_14)
FN:169,(anonymous_15)
FN:172,(anonymous_16)
FN:190,(anonymous_17)
FN:191,(anonymous_18)
FN:199,(anonymous_19)
FN:203,(anonymous_20)
FN:213,(anonymous_21)
FN:216,(anonymous_22)
FN:223,(anonymous_23)
FN:233,(anonymous_24)
FN:238,(anonymous_25)
FN:245,(anonymous_26)
FNF:25
FNH:0
FNDA:0,(anonymous_2)
FNDA:0,(anonymous_3)
FNDA:0,(anonymous_4)
FNDA:0,(anonymous_5)
FNDA:0,(anonymous_6)
FNDA:0,(anonymous_7)
FNDA:0,(anonymous_8)
FNDA:0,(anonymous_9)
FNDA:0,(anonymous_10)
FNDA:0,(anonymous_11)
FNDA:0,(anonymous_12)
FNDA:0,(anonymous_13)
FNDA:0,(anonymous_14)
FNDA:0,(anonymous_15)
FNDA:0,(anonymous_16)
FNDA:0,(anonymous_17)
FNDA:0,(anonymous_18)
FNDA:0,(anonymous_19)
FNDA:0,(anonymous_20)
FNDA:0,(anonymous_21)
FNDA:0,(anonymous_22)
FNDA:0,(anonymous_23)
FNDA:0,(anonymous_24)
FNDA:0,(anonymous_25)
FNDA:0,(anonymous_26)
DA:1,0
DA:2,0
DA:3,0
DA:14,0
DA:16,0
DA:17,0
DA:24,0
DA:27,0
DA:30,0
DA:33,0
DA:36,0
DA:39,0
DA:42,0
DA:59,0
DA:74,0
DA:86,0
DA:89,0
DA:90,0
DA:91,0
DA:93,0
DA:94,0
DA:97,0
DA:99,0
DA:110,0
DA:111,0
DA:113,0
DA:114,0
DA:117,0
DA:118,0
DA:121,0
DA:141,0
DA:148,0
DA:150,0
DA:151,0
DA:152,0
DA:153,0
DA:155,0
DA:160,0
DA:162,0
DA:163,0
DA:166,0
DA:170,0
DA:172,0
DA:173,0
DA:174,0
DA:182,0
DA:183,0
DA:184,0
DA:190,0
DA:191,0
DA:192,0
DA:193,0
DA:196,0
DA:200,0
DA:201,0
DA:203,0
DA:204,0
DA:205,0
DA:206,0
DA:210,0
DA:214,0
DA:216,0
DA:217,0
DA:220,0
DA:221,0
DA:223,0
DA:224,0
DA:225,0
DA:226,0
DA:230,0
DA:234,0
DA:235,0
DA:238,0
DA:239,0
DA:242,0
DA:246,0
LF:76
LH:0
BRDA:24,0,0,0
BRDA:42,1,0,0
BRDA:42,1,1,0
BRDA:52,2,0,0
BRDA:52,2,1,0
BRDA:53,3,0,0
BRDA:53,3,1,0
BRDA:68,4,0,0
BRDA:68,4,1,0
BRDA:69,5,0,0
BRDA:69,5,1,0
BRDA:89,6,0,0
BRDA:89,6,1,0
BRDA:93,7,0,0
BRDA:93,7,1,0
BRDA:148,8,0,0
BRDA:148,8,1,0
BRDA:152,9,0,0
BRDA:152,9,1,0
BRDA:153,10,0,0
BRDA:153,10,1,0
BRDA:155,11,0,0
BRDA:155,11,1,0
BRDA:163,12,0,0
BRDA:163,12,1,0
BRDA:173,13,0,0
BRDA:173,13,1,0
BRDA:204,14,0,0
BRDA:204,14,1,0
BRDA:217,15,0,0
BRDA:217,15,1,0
BRDA:224,16,0,0
BRDA:224,16,1,0
BRDA:234,17,0,0
BRDA:234,17,1,0
BRDA:239,18,0,0
BRDA:239,18,1,0
BRF:37
BRH:0
end_of_record
TN:
SF:src\validation\analysis.validator.ts
FN:11,(anonymous_0)
FN:70,(anonymous_1)
FN:184,(anonymous_2)
FN:185,(anonymous_3)
FN:197,(anonymous_4)
FN:207,(anonymous_5)
FN:222,(anonymous_6)
FN:237,(anonymous_7)
FNF:8
FNH:0
FNDA:0,(anonymous_0)
FNDA:0,(anonymous_1)
FNDA:0,(anonymous_2)
FNDA:0,(anonymous_3)
FNDA:0,(anonymous_4)
FNDA:0,(anonymous_5)
FNDA:0,(anonymous_6)
FNDA:0,(anonymous_7)
DA:4,0
DA:5,0
DA:6,0
DA:7,0
DA:8,0
DA:9,0
DA:12,0
DA:13,0
DA:15,0
DA:17,0
DA:18,0
DA:24,0
DA:25,0
DA:33,0
DA:34,0
DA:42,0
DA:43,0
DA:53,0
DA:54,0
DA:60,0
DA:61,0
DA:69,0
DA:70,0
DA:71,0
DA:73,0
DA:74,0
DA:81,0
DA:82,0
DA:89,0
DA:90,0
DA:98,0
DA:99,0
DA:107,0
DA:110,0
DA:111,0
DA:121,0
DA:122,0
DA:123,0
DA:131,0
DA:132,0
DA:142,0
DA:143,0
DA:144,0
DA:153,0
DA:154,0
DA:158,0
DA:159,0
DA:168,0
DA:171,0
DA:173,0
DA:185,0
DA:187,0
DA:188,0
DA:193,0
DA:197,0
DA:198,0
DA:199,0
DA:207,0
DA:208,0
DA:209,0
DA:210,0
DA:212,0
DA:213,0
DA:222,0
DA:223,0
DA:228,0
DA:229,0
DA:238,0
DA:239,0
DA:240,0
DA:242,0
LF:71
LH:0
BRDA:17,0,0,0
BRDA:17,0,1,0
BRDA:24,1,0,0
BRDA:24,1,1,0
BRDA:24,2,0,0
BRDA:24,2,1,0
BRDA:33,3,0,0
BRDA:33,3,1,0
BRDA:33,4,0,0
BRDA:33,4,1,0
BRDA:42,5,0,0
BRDA:42,5,1,0
BRDA:42,6,0,0
BRDA:42,6,1,0
BRDA:53,7,0,0
BRDA:53,7,1,0
BRDA:53,8,0,0
BRDA:53,8,1,0
BRDA:53,8,2,0
BRDA:60,9,0,0
BRDA:60,9,1,0
BRDA:73,10,0,0
BRDA:73,10,1,0
BRDA:73,11,0,0
BRDA:73,11,1,0
BRDA:81,12,0,0
BRDA:81,12,1,0
BRDA:81,13,0,0
BRDA:81,13,1,0
BRDA:89,14,0,0
BRDA:89,14,1,0
BRDA:89,15,0,0
BRDA:89,15,1,0
BRDA:98,16,0,0
BRDA:98,16,1,0
BRDA:98,17,0,0
BRDA:98,17,1,0
BRDA:107,18,0,0
BRDA:107,18,1,0
BRDA:110,19,0,0
BRDA:110,19,1,0
BRDA:121,20,0,0
BRDA:121,20,1,0
BRDA:122,21,0,0
BRDA:122,21,1,0
BRDA:131,22,0,0
BRDA:131,22,1,0
BRDA:142,23,0,0
BRDA:142,23,1,0
BRDA:143,24,0,0
BRDA:143,24,1,0
BRDA:143,25,0,0
BRDA:143,25,1,0
BRDA:153,26,0,0
BRDA:153,26,1,0
BRDA:158,27,0,0
BRDA:158,27,1,0
BRDA:164,28,0,0
BRDA:164,28,1,0
BRDA:178,29,0,0
BRDA:178,29,1,0
BRDA:187,30,0,0
BRDA:187,30,1,0
BRDA:197,31,0,0
BRDA:197,31,1,0
BRDA:198,32,0,0
BRDA:198,32,1,0
BRDA:208,33,0,0
BRDA:208,33,1,0
BRDA:210,34,0,0
BRDA:210,34,1,0
BRDA:212,35,0,0
BRDA:212,35,1,0
BRDA:223,36,0,0
BRDA:223,36,1,0
BRDA:223,36,2,0
BRDA:228,37,0,0
BRDA:228,37,1,0
BRF:78
BRH:0
end_of_record
